{
  "stats": {
    "suites": 1,
    "tests": 1,
    "passes": 1,
    "pending": 0,
    "failures": 0,
    "start": "2025-02-18T18:09:56.892Z",
    "end": "2025-02-18T18:10:23.780Z",
    "duration": 26888,
    "testsRegistered": 1,
    "passPercent": 100,
    "pendingPercent": 0,
    "other": 0,
    "hasOther": false,
    "skipped": 0,
    "hasSkipped": false
  },
  "results": [
    {
      "uuid": "327ec93a-0cb8-4ce5-b874-efb2ad05f08b",
      "title": "",
      "fullFile": "e2e\\tests\\addBorrower.cy.js",
      "file": "e2e\\tests\\addBorrower.cy.js",
      "beforeHooks": [],
      "afterHooks": [],
      "tests": [],
      "suites": [
        {
          "uuid": "09115bce-2ab5-46fb-88c3-865012dfc36c",
          "title": "Add borrower",
          "fullFile": "",
          "file": "",
          "beforeHooks": [],
          "afterHooks": [],
          "tests": [
            {
              "title": "Adds a borrower by clicking + icon in header",
              "fullTitle": "Add borrower Adds a borrower by clicking + icon in header",
              "timedOut": null,
              "duration": 26829,
              "state": "passed",
              "speed": "slow",
              "pass": true,
              "fail": false,
              "pending": false,
              "context": null,
              "code": "cy.login(\"himanshupant.qa@gmail.com\", \"Harry@123\");\ncy.url().should(\"include\", \"/dashboard\");\ncy.get('.dropdown-toggle > .bg-transparent').click();\ncy.get('[eventkey=\"2\"] > span').click();\ncy.get('#modalBody > .form-row > .form-group:nth-child(2) > .selectDiv > .champ-form__cm-input').select('selfgen');\ncy.get('#modalBody > :nth-child(3) > :nth-child(2) > .champ-form__cm-input').type(faker.person.firstName());\ncy.get(':nth-child(3) > .champ-form__cm-input').type(faker.person.lastName());\ncy.get(':nth-child(4) > .champ-form__cm-input').type(faker.phone.number());\ncy.get(':nth-child(5) > .champ-form__cm-input').type(faker.internet.email());\ncy.get('.position-relative > .button').click();\ncy.get('.Snackbar_snackbar__text__1Hx2a').should('contain', \"Lead Created successfully\");",
              "err": {},
              "uuid": "ec287c5f-666b-45ca-8bdc-b7cae0394b66",
              "parentUUID": "09115bce-2ab5-46fb-88c3-865012dfc36c",
              "isHook": false,
              "skipped": false
            }
          ],
          "suites": [],
          "passes": [
            "ec287c5f-666b-45ca-8bdc-b7cae0394b66"
          ],
          "failures": [],
          "pending": [],
          "skipped": [],
          "duration": 26829,
          "root": false,
          "rootEmpty": false,
          "_timeout": 2000
        }
      ],
      "passes": [],
      "failures": [],
      "pending": [],
      "skipped": [],
      "duration": 0,
      "root": true,
      "rootEmpty": true,
      "_timeout": 2000
    }
  ],
  "meta": {
    "mocha": {
      "version": "7.0.1"
    },
    "mochawesome": {
      "options": {
        "quiet": false,
        "reportFilename": "mochawesome",
        "saveHtml": true,
        "saveJson": true,
        "consoleReporter": "spec",
        "useInlineDiffs": false,
        "code": true
      },
      "version": "7.1.3"
    },
    "marge": {
      "options": {
        "reportDir": "cypress/reports/mochawesome",
        "overwrite": false,
        "html": true,
        "json": true
      },
      "version": "6.2.0"
    }
  }
}