{
  "stats": {
    "suites": 1,
    "tests": 2,
    "passes": 2,
    "pending": 0,
    "failures": 0,
    "start": "2025-02-24T13:49:40.299Z",
    "end": "2025-02-24T13:49:53.827Z",
    "duration": 13528,
    "testsRegistered": 2,
    "passPercent": 100,
    "pendingPercent": 0,
    "other": 0,
    "hasOther": false,
    "skipped": 0,
    "hasSkipped": false
  },
  "results": [
    {
      "uuid": "de071b57-33d7-44c4-8fcb-2771411d08b7",
      "title": "",
      "fullFile": "e2e\\tests\\resetPassword.cy.js",
      "file": "e2e\\tests\\resetPassword.cy.js",
      "beforeHooks": [],
      "afterHooks": [],
      "tests": [],
      "suites": [
        {
          "uuid": "e3416e73-502b-4317-b0a8-bea04febd048",
          "title": "Reset Password - Optimized",
          "fullFile": "",
          "file": "",
          "beforeHooks": [],
          "afterHooks": [],
          "tests": [
            {
              "title": "Sends reset password email successfully",
              "fullTitle": "Reset Password - Optimized Sends reset password email successfully",
              "timedOut": null,
              "duration": 10108,
              "state": "passed",
              "speed": "slow",
              "pass": true,
              "fail": false,
              "pending": false,
              "context": null,
              "code": "cy.get(\"input[name='email']\").should('be.visible').type(\"himanshupant.qa@gmail.com\"); // Enter registered email\ncy.get('form > .d-flex > div > .position-relative > #submit').should('be.enabled').click(); // Click reset button\n// cy.get(\".success-message\").should('contain', \"Password reset email sent\"); // Verify success message",
              "err": {},
              "uuid": "a2ccad9d-126f-4bca-b028-b4c7ea2af01e",
              "parentUUID": "e3416e73-502b-4317-b0a8-bea04febd048",
              "isHook": false,
              "skipped": false
            },
            {
              "title": "Fails to reset password for unregistered email",
              "fullTitle": "Reset Password - Optimized Fails to reset password for unregistered email",
              "timedOut": null,
              "duration": 2905,
              "state": "passed",
              "speed": "fast",
              "pass": true,
              "fail": false,
              "pending": false,
              "context": null,
              "code": "cy.get(\"input[name='email']\").should('be.visible').type(\"invalid@example.com\"); // Enter unregistered email\ncy.get('form > .d-flex > div > .position-relative > #submit').should('be.enabled').click(); // Click reset button\n// cy.get(\".error-message\").should('contain', \"Email not found\"); // Verify error message",
              "err": {},
              "uuid": "100f9b02-d9be-4ea9-8e45-8acd302e5be5",
              "parentUUID": "e3416e73-502b-4317-b0a8-bea04febd048",
              "isHook": false,
              "skipped": false
            }
          ],
          "suites": [],
          "passes": [
            "a2ccad9d-126f-4bca-b028-b4c7ea2af01e",
            "100f9b02-d9be-4ea9-8e45-8acd302e5be5"
          ],
          "failures": [],
          "pending": [],
          "skipped": [],
          "duration": 13013,
          "root": false,
          "rootEmpty": false,
          "_timeout": 2000
        }
      ],
      "passes": [],
      "failures": [],
      "pending": [],
      "skipped": [],
      "duration": 0,
      "root": true,
      "rootEmpty": true,
      "_timeout": 2000
    }
  ],
  "meta": {
    "mocha": {
      "version": "7.0.1"
    },
    "mochawesome": {
      "options": {
        "quiet": false,
        "reportFilename": "mochawesome",
        "saveHtml": true,
        "saveJson": true,
        "consoleReporter": "spec",
        "useInlineDiffs": false,
        "code": true
      },
      "version": "7.1.3"
    },
    "marge": {
      "options": {
        "reportDir": "cypress/reports/mochawesome",
        "overwrite": false,
        "html": true,
        "json": true
      },
      "version": "6.2.0"
    }
  }
}