{
  "stats": {
    "suites": 1,
    "tests": 1,
    "passes": 1,
    "pending": 0,
    "failures": 0,
    "start": "2025-02-24T13:47:27.556Z",
    "end": "2025-02-24T13:47:56.685Z",
    "duration": 29129,
    "testsRegistered": 1,
    "passPercent": 100,
    "pendingPercent": 0,
    "other": 0,
    "hasOther": false,
    "skipped": 0,
    "hasSkipped": false
  },
  "results": [
    {
      "uuid": "a8618969-addc-4860-b050-efdcdba13379",
      "title": "",
      "fullFile": "e2e\\tests\\addBorrower.cy.js",
      "file": "e2e\\tests\\addBorrower.cy.js",
      "beforeHooks": [],
      "afterHooks": [],
      "tests": [],
      "suites": [
        {
          "uuid": "a16b94cd-ecfb-4f2b-83d5-98c9aa0912be",
          "title": "Add Borrower - Optimized",
          "fullFile": "",
          "file": "",
          "beforeHooks": [],
          "afterHooks": [],
          "tests": [
            {
              "title": "Adds a borrower by clicking + icon in header",
              "fullTitle": "Add Borrower - Optimized Adds a borrower by clicking + icon in header",
              "timedOut": null,
              "duration": 28931,
              "state": "passed",
              "speed": "slow",
              "pass": true,
              "fail": false,
              "pending": false,
              "context": null,
              "code": "cy.login(\"himanshupant.qa@gmail.com\", \"Harry@123\");\ncy.url().should(\"include\", \"/dashboard\");\n// Ensure dropdown is visible and click\ncy.get('.dropdown-toggle > .bg-transparent').should('be.visible').click();\n// Click on \"Add Borrower\"\ncy.get('[eventkey=\"2\"] > span').should('be.visible').click();\n// Fill out borrower form with dynamic waits\ncy.get('#modalBody > .form-row > .form-group:nth-child(2) > .selectDiv > .champ-form__cm-input').should('be.visible').select('selfgen');\ncy.get('#modalBody > :nth-child(3) > :nth-child(2) > .champ-form__cm-input').should('be.visible').type(faker.person.firstName());\ncy.get(':nth-child(3) > .champ-form__cm-input').should('be.visible').type(faker.person.lastName());\ncy.get(':nth-child(4) > .champ-form__cm-input').should('be.visible').type(faker.phone.number());\ncy.get(':nth-child(5) > .champ-form__cm-input').should('be.visible').type(faker.internet.email());\n// Submit the form\ncy.get('.position-relative > .button').should('be.enabled').click();\n// Verify success message\ncy.get('.Snackbar_snackbar__text__1Hx2a').should('contain', \"Lead Created successfully\");",
              "err": {},
              "uuid": "26cc429a-d801-4dd7-b1f6-b8791959bff4",
              "parentUUID": "a16b94cd-ecfb-4f2b-83d5-98c9aa0912be",
              "isHook": false,
              "skipped": false
            }
          ],
          "suites": [],
          "passes": [
            "26cc429a-d801-4dd7-b1f6-b8791959bff4"
          ],
          "failures": [],
          "pending": [],
          "skipped": [],
          "duration": 28931,
          "root": false,
          "rootEmpty": false,
          "_timeout": 2000
        }
      ],
      "passes": [],
      "failures": [],
      "pending": [],
      "skipped": [],
      "duration": 0,
      "root": true,
      "rootEmpty": true,
      "_timeout": 2000
    }
  ],
  "meta": {
    "mocha": {
      "version": "7.0.1"
    },
    "mochawesome": {
      "options": {
        "quiet": false,
        "reportFilename": "mochawesome",
        "saveHtml": true,
        "saveJson": true,
        "consoleReporter": "spec",
        "useInlineDiffs": false,
        "code": true
      },
      "version": "7.1.3"
    },
    "marge": {
      "options": {
        "reportDir": "cypress/reports/mochawesome",
        "overwrite": false,
        "html": true,
        "json": true
      },
      "version": "6.2.0"
    }
  }
}