{
  "stats": {
    "suites": 1,
    "tests": 1,
    "passes": 1,
    "pending": 0,
    "failures": 0,
    "start": "2025-02-17T20:11:07.031Z",
    "end": "2025-02-17T20:12:07.335Z",
    "duration": 60304,
    "testsRegistered": 1,
    "passPercent": 100,
    "pendingPercent": 0,
    "other": 0,
    "hasOther": false,
    "skipped": 0,
    "hasSkipped": false
  },
  "results": [
    {
      "uuid": "56e94a90-0067-4538-8886-2fe7e5714900",
      "title": "",
      "fullFile": "e2e\\tests\\addPartner.cy.js",
      "file": "e2e\\tests\\addPartner.cy.js",
      "beforeHooks": [],
      "afterHooks": [],
      "tests": [],
      "suites": [
        {
          "uuid": "66722b39-3999-4713-abc5-af14298bb700",
          "title": "Add partner",
          "fullFile": "",
          "file": "",
          "beforeHooks": [],
          "afterHooks": [],
          "tests": [
            {
              "title": "Add Partner",
              "fullTitle": "Add partner Add Partner",
              "timedOut": null,
              "duration": 60022,
              "state": "passed",
              "speed": "slow",
              "pass": true,
              "fail": false,
              "pending": false,
              "context": null,
              "code": "cy.login(\"himanshupant.qa@gmail.com\", \"Harry@123\");\ncy.url().should(\"include\", \"/dashboard\");\nfor (let i = 0; i < 5; i++) {\n  // Change 5 to the desired number of iterations\n  cy.log(`Adding Partner #${i + 1}`);\n  cy.get('div > .dropdown-custom > .dropdown-toggle > .bg-transparent > .uil-plus').click();\n  cy.get('div > .dropdown-custom > .dropdown-custom-menu > .dropdown-custom-item:nth-child(1) > span').click();\n  cy.get('#modalBody > .form-row > .form-group:nth-child(1) > .selectDiv > .champ-form__cm-input').select('RT');\n  cy.get('#modalBody > .form-row > .form-group:nth-child(2) > .selectDiv > .champ-form__cm-input').select('PC');\n  cy.get('#modalBody > .form-row > .cstm-light-text:nth-child(3) > .selectDiv > .champ-form__cm-input').select('selfgen');\n  cy.get('form > #modalBody > .form-row > .cstm-light-text:nth-child(5) > .champ-form__cm-input').type(faker.person.firstName());\n  cy.get('form > #modalBody > .form-row > .form-group:nth-child(6) > .champ-form__cm-input').type(faker.person.lastName());\n  cy.get('form > #modalBody > .form-row > .form-group:nth-child(7) > .champ-form__cm-input').type(faker.internet.email());\n  cy.get('form > #modalBody > .form-row > .form-group:nth-child(8) > .champ-form__cm-input').type(faker.phone.number());\n  cy.get('form > #modalBody > .form-row > .form-group:nth-child(9) > .champ-form__cm-input').click();\n  cy.get('form > #modalBody > .form-row > .form-group:nth-child(12) > .champ-form__cm-input').type(faker.company.name());\n  // cy.get('form > #modalBody > .form-row > .form-group > #auto--select\\ undefined').type(faker.location.streetAddress())\n  cy.get('#modalBody > .form-row > .col-sm-6:nth-child(3) > .selectDiv > .champ-form__cm-input').select('NY');\n  cy.get('form > #modalBody > .form-row > .col-lg-6:nth-child(4) > .champ-form__cm-input').type(faker.location.zipCode());\n  cy.get('form > #modalBody > .form-row > .col-lg-6:nth-child(5) > .champ-form__cm-input').type(faker.location.city());\n  cy.get('.modal-box--dialog__container > .page-loader > form > #modalBody > .form-row:nth-child(2)').click();\n  cy.get('.modal-box--dialog__container-footer > .w-100 > .position-relative:nth-child(3) > .button > span').click();\n  // cy.get('.Snackbar_snackbar__text__1Hx2a').should('contain', 'Partner Added successfully')\n}",
              "err": {},
              "uuid": "088783cf-126e-4fbe-9895-59a31e769976",
              "parentUUID": "66722b39-3999-4713-abc5-af14298bb700",
              "isHook": false,
              "skipped": false
            }
          ],
          "suites": [],
          "passes": [
            "088783cf-126e-4fbe-9895-59a31e769976"
          ],
          "failures": [],
          "pending": [],
          "skipped": [],
          "duration": 60022,
          "root": false,
          "rootEmpty": false,
          "_timeout": 2000
        }
      ],
      "passes": [],
      "failures": [],
      "pending": [],
      "skipped": [],
      "duration": 0,
      "root": true,
      "rootEmpty": true,
      "_timeout": 2000
    }
  ],
  "meta": {
    "mocha": {
      "version": "7.0.1"
    },
    "mochawesome": {
      "options": {
        "quiet": false,
        "reportFilename": "mochawesome",
        "saveHtml": true,
        "saveJson": true,
        "consoleReporter": "spec",
        "useInlineDiffs": false,
        "code": true
      },
      "version": "7.1.3"
    },
    "marge": {
      "options": {
        "reportDir": "cypress/reports/mochawesome",
        "overwrite": false,
        "html": true,
        "json": true
      },
      "version": "6.2.0"
    }
  }
}