{
  "stats": {
    "suites": 1,
    "tests": 1,
    "passes": 0,
    "pending": 0,
    "failures": 1,
    "start": "2025-02-17T20:09:50.354Z",
    "end": "2025-02-17T20:10:16.714Z",
    "duration": 26360,
    "testsRegistered": 1,
    "passPercent": 0,
    "pendingPercent": 0,
    "other": 0,
    "hasOther": false,
    "skipped": 0,
    "hasSkipped": false
  },
  "results": [
    {
      "uuid": "c014fb47-c4f9-40b6-89bc-a3c9c5ac0298",
      "title": "",
      "fullFile": "e2e\\tests\\resetPassword.cy.js",
      "file": "e2e\\tests\\resetPassword.cy.js",
      "beforeHooks": [],
      "afterHooks": [],
      "tests": [],
      "suites": [
        {
          "uuid": "fe0b0701-d09a-4ce1-bb65-8683872c967d",
          "title": "Reset password",
          "fullFile": "",
          "file": "",
          "beforeHooks": [],
          "afterHooks": [],
          "tests": [
            {
              "title": "Reset password",
              "fullTitle": "Reset password Reset password",
              "timedOut": null,
              "duration": 26295,
              "state": "failed",
              "speed": null,
              "pass": false,
              "fail": true,
              "pending": false,
              "context": null,
              "code": "cy.login(\"himanshupant.qa@gmail.com\", \"Harry@1234\");\ncy.url().should(\"include\", \"/dashboard\");\ncy.get('.page-loader > .dashboard-processor__right > .verticle-middle > .form-row > .col-md-5').click();\ncy.get('div > .dropdown-custom > .dropdown-toggle > .user-profile-box > .d-flex').click();\ncy.get('div > .dropdown-custom > .dropdown-custom-menu > .dropdown-custom-item:nth-child(1) > .dropdown-item').click();\ncy.get('.mileStone > .d-flex > .mileStone-tab > .nav-item:nth-child(3) > .nav-link').click();\ncy.get('.w-100 > .form-row > .col-lg-4:nth-child(1) > .input-group > .champ-form__cm-input').type('Harry@1234');\ncy.get('.w-100 > .form-row > .col-lg-4:nth-child(2) > .input-group > .champ-form__cm-input').type('Harry@123');\ncy.get('.w-100 > .form-row > .col-lg-4:nth-child(3) > .input-group > .champ-form__cm-input').type('Harry@123');\ncy.get('.form-row > .form-row > .position-relative > .button > .text__size12').click();\ncy.get('.Snackbar_snackbar__text__1Hx2a').should('contain', 'Password reset successfully');",
              "err": {
                "message": "AssertionError: Timed out retrying after 15000ms: expected 'https://uat.mloflo.com/login' to include '/dashboard'",
                "estack": "AssertionError: Timed out retrying after 15000ms: expected 'https://uat.mloflo.com/login' to include '/dashboard'\n    at Context.eval (webpack://mloflo-cypress/./e2e/tests/resetPassword.cy.js:16:13)",
                "diff": null
              },
              "uuid": "ed6c9677-2859-4407-a198-5a8acae82f87",
              "parentUUID": "fe0b0701-d09a-4ce1-bb65-8683872c967d",
              "isHook": false,
              "skipped": false
            }
          ],
          "suites": [],
          "passes": [],
          "failures": [
            "ed6c9677-2859-4407-a198-5a8acae82f87"
          ],
          "pending": [],
          "skipped": [],
          "duration": 26295,
          "root": false,
          "rootEmpty": false,
          "_timeout": 2000
        }
      ],
      "passes": [],
      "failures": [],
      "pending": [],
      "skipped": [],
      "duration": 0,
      "root": true,
      "rootEmpty": true,
      "_timeout": 2000
    }
  ],
  "meta": {
    "mocha": {
      "version": "7.0.1"
    },
    "mochawesome": {
      "options": {
        "quiet": false,
        "reportFilename": "mochawesome",
        "saveHtml": true,
        "saveJson": true,
        "consoleReporter": "spec",
        "useInlineDiffs": false,
        "code": true
      },
      "version": "7.1.3"
    },
    "marge": {
      "options": {
        "reportDir": "cypress/reports/mochawesome",
        "overwrite": false,
        "html": true,
        "json": true
      },
      "version": "6.2.0"
    }
  }
}