{
  "stats": {
    "suites": 1,
    "tests": 1,
    "passes": 1,
    "pending": 0,
    "failures": 0,
    "start": "2025-02-24T13:51:48.918Z",
    "end": "2025-02-24T13:52:16.619Z",
    "duration": 27701,
    "testsRegistered": 1,
    "passPercent": 100,
    "pendingPercent": 0,
    "other": 0,
    "hasOther": false,
    "skipped": 0,
    "hasSkipped": false
  },
  "results": [
    {
      "uuid": "5f3193e8-a956-4e8b-8ff4-639a2e17053f",
      "title": "",
      "fullFile": "e2e\\tests\\addPartnerContact.cy.js",
      "file": "e2e\\tests\\addPartnerContact.cy.js",
      "beforeHooks": [],
      "afterHooks": [],
      "tests": [],
      "suites": [
        {
          "uuid": "3f998911-1e7f-41dd-89fd-fab8924910bf",
          "title": "Add Partner Contact - Optimized",
          "fullFile": "",
          "file": "",
          "beforeHooks": [],
          "afterHooks": [],
          "tests": [
            {
              "title": "Adds a partner contact",
              "fullTitle": "Add Partner Contact - Optimized Adds a partner contact",
              "timedOut": null,
              "duration": 27542,
              "state": "passed",
              "speed": "slow",
              "pass": true,
              "fail": false,
              "pending": false,
              "context": null,
              "code": "cy.login(\"himanshupant.qa@gmail.com\", \"Harry@123\"); // Login with valid credentials\ncy.url().should(\"include\", \"/dashboard\"); // Verify successful login\ncy.get('div > .menu-logout > li > a > .uil-user-square').should('be.visible').click(); // Navigate to Contacts page\ncy.url().should(\"include\", \"/contacts\"); // Verify navigation to Contacts page\ncy.get('.layout-grid-height-1 > .mileStone > .mileStone-tab > .nav-item:nth-child(2) > .nav-link').should('be.visible').click(); // Navigate to Partner Contacts tab\ncy.url().should(\"include\", \"/contacts#partner\"); // Verify navigation to Partner Contacts section\ncy.get('.d-flex > .d-flex > .position-relative > .d-flex > .button').should('be.visible').click(); // Click on Add Partner Contact button\n// Fill partner contact details\ncy.get('#modalBody > .form-row > .form-group:nth-child(1) > .selectDiv > .champ-form__cm-input').should('be.visible').select('RT'); // Select Role Type\ncy.get('#modalBody > .form-row > .cstm-light-text:nth-child(3) > .selectDiv > .champ-form__cm-input').should('be.visible').select('selfgen'); // Select Source\ncy.get('form > #modalBody > .form-row > .cstm-light-text:nth-child(5) > .champ-form__cm-input').should('be.visible').type('Automated'); // Enter First Name\ncy.get('form > #modalBody > .form-row > .form-group:nth-child(6) > .champ-form__cm-input').should('be.visible').type('Partner'); // Enter Last Name\ncy.get('form > #modalBody > .form-row > .form-group:nth-child(7) > .champ-form__cm-input').should('be.visible').type('ap@mail.com'); // Enter Email\ncy.get('form > #modalBody > .form-row > .form-group:nth-child(8) > .champ-form__cm-input').should('be.visible').type('(222) 222-2222'); // Enter Phone Number\ncy.get('form > #modalBody > .form-row > .form-group:nth-child(12) > .champ-form__cm-input').should('be.visible').type('BBB'); // Enter Company Name\ncy.get('.modal-box--dialog__container-footer > .w-100 > .position-relative:nth-child(3) > .button > span').click(); // Click Submit Button\n// cy.get('.Snackbar_snackbar__text__1Hx2a')\n//   .should(\"contain\", \"Partner Added successfully\"); // Verify success message",
              "err": {},
              "uuid": "654eab0d-86ef-4ba0-9b83-a5d01923740f",
              "parentUUID": "3f998911-1e7f-41dd-89fd-fab8924910bf",
              "isHook": false,
              "skipped": false
            }
          ],
          "suites": [],
          "passes": [
            "654eab0d-86ef-4ba0-9b83-a5d01923740f"
          ],
          "failures": [],
          "pending": [],
          "skipped": [],
          "duration": 27542,
          "root": false,
          "rootEmpty": false,
          "_timeout": 2000
        }
      ],
      "passes": [],
      "failures": [],
      "pending": [],
      "skipped": [],
      "duration": 0,
      "root": true,
      "rootEmpty": true,
      "_timeout": 2000
    }
  ],
  "meta": {
    "mocha": {
      "version": "7.0.1"
    },
    "mochawesome": {
      "options": {
        "quiet": false,
        "reportFilename": "mochawesome",
        "saveHtml": true,
        "saveJson": true,
        "consoleReporter": "spec",
        "useInlineDiffs": false,
        "code": true
      },
      "version": "7.1.3"
    },
    "marge": {
      "options": {
        "reportDir": "cypress/reports/mochawesome",
        "overwrite": false,
        "html": true,
        "json": true
      },
      "version": "6.2.0"
    }
  }
}