{
  "stats": {
    "suites": 1,
    "tests": 1,
    "passes": 1,
    "pending": 0,
    "failures": 0,
    "start": "2025-02-24T13:56:04.462Z",
    "end": "2025-02-24T13:56:21.310Z",
    "duration": 16848,
    "testsRegistered": 1,
    "passPercent": 100,
    "pendingPercent": 0,
    "other": 0,
    "hasOther": false,
    "skipped": 0,
    "hasSkipped": false
  },
  "results": [
    {
      "uuid": "fba463e2-5d08-4bf4-a01e-af7aaa467f9d",
      "title": "",
      "fullFile": "e2e\\tests\\addTags.cy.js",
      "file": "e2e\\tests\\addTags.cy.js",
      "beforeHooks": [],
      "afterHooks": [],
      "tests": [],
      "suites": [
        {
          "uuid": "3dd23a45-59a7-4802-8b09-966238dd1882",
          "title": "Add Tag in Settings - Optimized",
          "fullFile": "",
          "file": "",
          "beforeHooks": [],
          "afterHooks": [],
          "tests": [
            {
              "title": "Adds a new tag in settings",
              "fullTitle": "Add Tag in Settings - Optimized Adds a new tag in settings",
              "timedOut": null,
              "duration": 16676,
              "state": "passed",
              "speed": "slow",
              "pass": true,
              "fail": false,
              "pending": false,
              "context": null,
              "code": "cy.login(\"himanshupant.qa@gmail.com\", \"Harry@123\"); // Login with valid credentials\ncy.url().should(\"include\", \"/dashboard\"); // Verify successful login\ncy.get('div > .menu-logout > li > a > .uil-wrench').click(); // Navigate to Settings\ncy.url().should(\"include\", \"/settings/status\"); // Verify navigation to Settings page\ncy.get('.mileStone > .mileStone-tab > a:nth-child(12) > .nav-item > .nav-link').click(); // Navigate to Tags tab\ncy.url().should(\"include\", \"/settings/tags\"); // Verify navigation to Tags section\ncy.get('div > .content-box > .d-flex > .d-flex > .button:nth-child(1)').should('be.visible').click(); // Click on Add Tag button\ncy.get('form > #modalBody > .form-row > .form-group > .champ-form__cm-input').type(faker.person.firstName()); // Enter Tag Name\ncy.get('form > .modal-box--dialog__container-footer > .border__top-grey > .position-relative > .button').should('be.enabled').click(); // Click Submit Button\n// Uncomment to validate success message if applicable\n// cy.get('.Snackbar_snackbar__text__1Hx2a')\n//   .should(\"contain\", \"Tag Added successfully\"); // Verify success message",
              "err": {},
              "uuid": "03ce33bc-f873-4783-a71c-3c86a30f7776",
              "parentUUID": "3dd23a45-59a7-4802-8b09-966238dd1882",
              "isHook": false,
              "skipped": false
            }
          ],
          "suites": [],
          "passes": [
            "03ce33bc-f873-4783-a71c-3c86a30f7776"
          ],
          "failures": [],
          "pending": [],
          "skipped": [],
          "duration": 16676,
          "root": false,
          "rootEmpty": false,
          "_timeout": 2000
        }
      ],
      "passes": [],
      "failures": [],
      "pending": [],
      "skipped": [],
      "duration": 0,
      "root": true,
      "rootEmpty": true,
      "_timeout": 2000
    }
  ],
  "meta": {
    "mocha": {
      "version": "7.0.1"
    },
    "mochawesome": {
      "options": {
        "quiet": false,
        "reportFilename": "mochawesome",
        "saveHtml": true,
        "saveJson": true,
        "consoleReporter": "spec",
        "useInlineDiffs": false,
        "code": true
      },
      "version": "7.1.3"
    },
    "marge": {
      "options": {
        "reportDir": "cypress/reports/mochawesome",
        "overwrite": false,
        "html": true,
        "json": true
      },
      "version": "6.2.0"
    }
  }
}