{
  "stats": {
    "suites": 1,
    "tests": 1,
    "passes": 1,
    "pending": 0,
    "failures": 0,
    "start": "2025-02-24T13:53:58.980Z",
    "end": "2025-02-24T13:54:19.685Z",
    "duration": 20705,
    "testsRegistered": 1,
    "passPercent": 100,
    "pendingPercent": 0,
    "other": 0,
    "hasOther": false,
    "skipped": 0,
    "hasSkipped": false
  },
  "results": [
    {
      "uuid": "b2ad6e3e-ddf9-4249-b2ff-75e559617e57",
      "title": "",
      "fullFile": "e2e\\tests\\sendleadPartner.cy.js",
      "file": "e2e\\tests\\sendleadPartner.cy.js",
      "beforeHooks": [],
      "afterHooks": [],
      "tests": [],
      "suites": [
        {
          "uuid": "180c5344-1e6d-4051-be84-af15cb657aff",
          "title": "Send Lead to Partner - Optimized",
          "fullFile": "",
          "file": "",
          "beforeHooks": [],
          "afterHooks": [],
          "tests": [
            {
              "title": "Sends a lead to a partner",
              "fullTitle": "Send Lead to Partner - Optimized Sends a lead to a partner",
              "timedOut": null,
              "duration": 20513,
              "state": "passed",
              "speed": "slow",
              "pass": true,
              "fail": false,
              "pending": false,
              "context": null,
              "code": "cy.login(\"himanshupant.qa@gmail.com\", \"Harry@123\"); // Login with valid credentials\ncy.url().should(\"include\", \"/dashboard\"); // Verify successful login\ncy.get('div > .menu-logout > li > a > .uil-briefcase-alt').click(); // Navigate to Partners section\ncy.url().should(\"include\", \"/partners\"); // Verify navigation to Partners page\ncy.get(':nth-child(1) > .pl-4 > .cstm-blue-brand-text').click(); // Select first partner from the list\ncy.get('.content-box > .form-row > .d-flex-410 > .d-flex > .button').click(); // Click on Send Lead button\n// Fill lead details\ncy.get('form > #modalBody > .form-row > .form-group > .text_light').should('be.visible').type(faker.person.firstName()); // Enter First Name\ncy.get('form > #modalBody > .form-row > .form-group:nth-child(2) > .champ-form__cm-input').should('be.visible').type(faker.person.lastName()); // Enter Last Name\ncy.get('form > #modalBody > .form-row > .form-group:nth-child(3) > .champ-form__cm-input').should('be.visible').type(faker.phone.number()); // Enter Phone Number\ncy.get('form > #modalBody > .form-row > .form-group:nth-child(4) > .champ-form__cm-input').should('be.visible').type(faker.internet.email()); // Enter Email\ncy.get('form > .modal-box--dialog__container-footer > .w-100 > .position-relative > .button').should('be.enabled').click(); // Click Submit Button\n// Uncomment to validate success message if applicable\n// cy.get('.Snackbar_snackbar__text__1Hx2a')\n//   .should('contain', \"Lead sent successfully\"); // Validate success message",
              "err": {},
              "uuid": "b080d407-60a2-4919-89b5-322cf0ccc8a3",
              "parentUUID": "180c5344-1e6d-4051-be84-af15cb657aff",
              "isHook": false,
              "skipped": false
            }
          ],
          "suites": [],
          "passes": [
            "b080d407-60a2-4919-89b5-322cf0ccc8a3"
          ],
          "failures": [],
          "pending": [],
          "skipped": [],
          "duration": 20513,
          "root": false,
          "rootEmpty": false,
          "_timeout": 2000
        }
      ],
      "passes": [],
      "failures": [],
      "pending": [],
      "skipped": [],
      "duration": 0,
      "root": true,
      "rootEmpty": true,
      "_timeout": 2000
    }
  ],
  "meta": {
    "mocha": {
      "version": "7.0.1"
    },
    "mochawesome": {
      "options": {
        "quiet": false,
        "reportFilename": "mochawesome",
        "saveHtml": true,
        "saveJson": true,
        "consoleReporter": "spec",
        "useInlineDiffs": false,
        "code": true
      },
      "version": "7.1.3"
    },
    "marge": {
      "options": {
        "reportDir": "cypress/reports/mochawesome",
        "overwrite": false,
        "html": true,
        "json": true
      },
      "version": "6.2.0"
    }
  }
}