{
  "stats": {
    "suites": 1,
    "tests": 6,
    "passes": 6,
    "pending": 0,
    "failures": 0,
    "start": "2025-02-04T16:32:40.649Z",
    "end": "2025-02-04T16:33:32.705Z",
    "duration": 52056,
    "testsRegistered": 6,
    "passPercent": 100,
    "pendingPercent": 0,
    "other": 0,
    "hasOther": false,
    "skipped": 0,
    "hasSkipped": false
  },
  "results": [
    {
      "uuid": "c5ed7a02-6103-42ab-8e01-517bcbdd7d5d",
      "title": "",
      "fullFile": "e2e\\test scenarios\\loginScenarios.cy.js",
      "file": "e2e\\test scenarios\\loginScenarios.cy.js",
      "beforeHooks": [],
      "afterHooks": [],
      "tests": [],
      "suites": [
        {
          "uuid": "6c62cb97-b688-4a91-a8fe-e11b6cd08d80",
          "title": "Login and Navigation Tests",
          "fullFile": "",
          "file": "",
          "beforeHooks": [],
          "afterHooks": [],
          "tests": [
            {
              "title": "Login with Non-Registered Email",
              "fullTitle": "Login and Navigation Tests Login with Non-Registered Email",
              "timedOut": null,
              "duration": 9663,
              "state": "passed",
              "speed": "medium",
              "pass": true,
              "fail": false,
              "pending": false,
              "context": null,
              "code": "cy.visit(\"https://uat.mloflo.com/\");\ncy.wait(2000);\ncy.get(\"input[name='email']\").type(\"himanshupant.qa1@gmail.com\");\ncy.wait(1000);\ncy.get(\"input[placeholder='Password']\").type(\"Harry@123\");\ncy.wait(1000);\ncy.get(\"#submit\").click();\ncy.wait(1000);\ncy.get('.cstm-red').should('contain', 'No account found on this e-mail');",
              "err": {},
              "uuid": "324727bd-7617-46d8-8021-0e1a38838b06",
              "parentUUID": "6c62cb97-b688-4a91-a8fe-e11b6cd08d80",
              "isHook": false,
              "skipped": false
            },
            {
              "title": "Login with invalid Email",
              "fullTitle": "Login and Navigation Tests Login with invalid Email",
              "timedOut": null,
              "duration": 7018,
              "state": "passed",
              "speed": "medium",
              "pass": true,
              "fail": false,
              "pending": false,
              "context": null,
              "code": "cy.visit(\"https://uat.mloflo.com/\");\ncy.wait(2000);\ncy.get(\"input[name='email']\").type(\"himanshupant.gmail.com\");\ncy.wait(1000);\ncy.get(\"input[placeholder='Password']\").type(\"Harry@123\");\ncy.wait(1000);\ncy.get(\"#submit\").click();\ncy.wait(1000);\ncy.get('.cstm-red').should('contain', \"Invalid email address.\");",
              "err": {},
              "uuid": "8db5e4b3-2759-4ac5-9f8f-9eb832a1e962",
              "parentUUID": "6c62cb97-b688-4a91-a8fe-e11b6cd08d80",
              "isHook": false,
              "skipped": false
            },
            {
              "title": "Login with invalid password",
              "fullTitle": "Login and Navigation Tests Login with invalid password",
              "timedOut": null,
              "duration": 7595,
              "state": "passed",
              "speed": "medium",
              "pass": true,
              "fail": false,
              "pending": false,
              "context": null,
              "code": "cy.visit(\"https://uat.mloflo.com/\");\ncy.wait(2000);\ncy.get(\"input[name='email']\").type(\"himanshupant.qa@gmail.com\");\ncy.wait(1000);\ncy.get(\"input[placeholder='Password']\").type(\"Harry@12345\");\ncy.wait(1000);\ncy.get(\"#submit\").click();\ncy.wait(1000);\ncy.get('.cstm-red').should('contain', \"Email or Password is not correct\");",
              "err": {},
              "uuid": "9489dbd9-403c-44df-98f5-e80e42ad5b1b",
              "parentUUID": "6c62cb97-b688-4a91-a8fe-e11b6cd08d80",
              "isHook": false,
              "skipped": false
            },
            {
              "title": "Login without password",
              "fullTitle": "Login and Navigation Tests Login without password",
              "timedOut": null,
              "duration": 9701,
              "state": "passed",
              "speed": "medium",
              "pass": true,
              "fail": false,
              "pending": false,
              "context": null,
              "code": "cy.visit(\"https://uat.mloflo.com/\");\ncy.wait(2000);\ncy.get(\"input[name='email']\").type(\"himanshupant.qa@gmail.com\");\ncy.wait(1000);\ncy.get(\"#submit\").click();\ncy.wait(1000);\ncy.get('.cstm-red').should('contain', \"Password is required\");",
              "err": {},
              "uuid": "9fac6576-0539-4f26-ab72-78b43ddd999a",
              "parentUUID": "6c62cb97-b688-4a91-a8fe-e11b6cd08d80",
              "isHook": false,
              "skipped": false
            },
            {
              "title": "Login without email address",
              "fullTitle": "Login and Navigation Tests Login without email address",
              "timedOut": null,
              "duration": 7210,
              "state": "passed",
              "speed": "medium",
              "pass": true,
              "fail": false,
              "pending": false,
              "context": null,
              "code": "cy.visit(\"https://uat.mloflo.com/\");\ncy.wait(2000);\ncy.get(\"input[name='email']\").type(\" \");\ncy.wait(1000);\ncy.get(\"input[placeholder='Password']\").type(\"Harry@123\");\ncy.wait(1000);\ncy.get(\"#submit\").click();\ncy.wait(1000);\ncy.get('.cstm-red').should('contain', \"Email is required\");",
              "err": {},
              "uuid": "3071bb04-e0bf-48c9-90f5-fb160b58a1f7",
              "parentUUID": "6c62cb97-b688-4a91-a8fe-e11b6cd08d80",
              "isHook": false,
              "skipped": false
            },
            {
              "title": "Login with valid creds",
              "fullTitle": "Login and Navigation Tests Login with valid creds",
              "timedOut": null,
              "duration": 10181,
              "state": "passed",
              "speed": "slow",
              "pass": true,
              "fail": false,
              "pending": false,
              "context": null,
              "code": "cy.visit(\"https://uat.mloflo.com/\");\ncy.wait(2000);\ncy.get(\"input[name='email']\").type(\"himanshupant.qa@gmail.com\");\ncy.wait(1000);\ncy.get(\"input[placeholder='Password']\").type(\"Harry@123\");\ncy.wait(1000);\ncy.get(\"#submit\").click();\ncy.wait(1000);\ncy.url().should('include', '/dashboard');\nconsole.log('Tests passed successfully');",
              "err": {},
              "uuid": "93143a0d-0f95-4f24-a8b2-23345a0ba759",
              "parentUUID": "6c62cb97-b688-4a91-a8fe-e11b6cd08d80",
              "isHook": false,
              "skipped": false
            }
          ],
          "suites": [],
          "passes": [
            "324727bd-7617-46d8-8021-0e1a38838b06",
            "8db5e4b3-2759-4ac5-9f8f-9eb832a1e962",
            "9489dbd9-403c-44df-98f5-e80e42ad5b1b",
            "9fac6576-0539-4f26-ab72-78b43ddd999a",
            "3071bb04-e0bf-48c9-90f5-fb160b58a1f7",
            "93143a0d-0f95-4f24-a8b2-23345a0ba759"
          ],
          "failures": [],
          "pending": [],
          "skipped": [],
          "duration": 51368,
          "root": false,
          "rootEmpty": false,
          "_timeout": 2000
        }
      ],
      "passes": [],
      "failures": [],
      "pending": [],
      "skipped": [],
      "duration": 0,
      "root": true,
      "rootEmpty": true,
      "_timeout": 2000
    }
  ],
  "meta": {
    "mocha": {
      "version": "7.0.1"
    },
    "mochawesome": {
      "options": {
        "quiet": false,
        "reportFilename": "mochawesome",
        "saveHtml": true,
        "saveJson": true,
        "consoleReporter": "spec",
        "useInlineDiffs": false,
        "code": true
      },
      "version": "7.1.3"
    },
    "marge": {
      "options": {
        "reportDir": "cypress/reports/mochawesome",
        "overwrite": false,
        "html": true,
        "json": true
      },
      "version": "6.2.0"
    }
  }
}