{
  "stats": {
    "suites": 1,
    "tests": 1,
    "passes": 1,
    "pending": 0,
    "failures": 0,
    "start": "2025-02-24T13:48:03.585Z",
    "end": "2025-02-24T13:48:29.081Z",
    "duration": 25496,
    "testsRegistered": 1,
    "passPercent": 100,
    "pendingPercent": 0,
    "other": 0,
    "hasOther": false,
    "skipped": 0,
    "hasSkipped": false
  },
  "results": [
    {
      "uuid": "c04f9174-0b29-415d-80de-8b16f6c750ec",
      "title": "",
      "fullFile": "e2e\\tests\\logout.cy.js",
      "file": "e2e\\tests\\logout.cy.js",
      "beforeHooks": [],
      "afterHooks": [],
      "tests": [],
      "suites": [
        {
          "uuid": "c2e8290e-523d-4cc6-8a1b-d70dede82982",
          "title": "Logout Functionality - Optimized",
          "fullFile": "",
          "file": "",
          "beforeHooks": [],
          "afterHooks": [],
          "tests": [
            {
              "title": "Logs out successfully",
              "fullTitle": "Logout Functionality - Optimized Logs out successfully",
              "timedOut": null,
              "duration": 25278,
              "state": "passed",
              "speed": "slow",
              "pass": true,
              "fail": false,
              "pending": false,
              "context": null,
              "code": "cy.logout(); // Perform logout\ncy.get('#submit').should('be.visible'); // Ensure login button is visible",
              "err": {},
              "uuid": "7d5d9fb4-a80e-4921-a8d8-c0fb20f8f348",
              "parentUUID": "c2e8290e-523d-4cc6-8a1b-d70dede82982",
              "isHook": false,
              "skipped": false
            }
          ],
          "suites": [],
          "passes": [
            "7d5d9fb4-a80e-4921-a8d8-c0fb20f8f348"
          ],
          "failures": [],
          "pending": [],
          "skipped": [],
          "duration": 25278,
          "root": false,
          "rootEmpty": false,
          "_timeout": 2000
        }
      ],
      "passes": [],
      "failures": [],
      "pending": [],
      "skipped": [],
      "duration": 0,
      "root": true,
      "rootEmpty": true,
      "_timeout": 2000
    }
  ],
  "meta": {
    "mocha": {
      "version": "7.0.1"
    },
    "mochawesome": {
      "options": {
        "quiet": false,
        "reportFilename": "mochawesome",
        "saveHtml": true,
        "saveJson": true,
        "consoleReporter": "spec",
        "useInlineDiffs": false,
        "code": true
      },
      "version": "7.1.3"
    },
    "marge": {
      "options": {
        "reportDir": "cypress/reports/mochawesome",
        "overwrite": false,
        "html": true,
        "json": true
      },
      "version": "6.2.0"
    }
  }
}