{
  "stats": {
    "suites": 1,
    "tests": 1,
    "passes": 1,
    "pending": 0,
    "failures": 0,
    "start": "2025-02-24T13:46:49.427Z",
    "end": "2025-02-24T13:47:05.399Z",
    "duration": 15972,
    "testsRegistered": 1,
    "passPercent": 100,
    "pendingPercent": 0,
    "other": 0,
    "hasOther": false,
    "skipped": 0,
    "hasSkipped": false
  },
  "results": [
    {
      "uuid": "1e481d04-8283-45db-ac84-a7240ed1689b",
      "title": "",
      "fullFile": "e2e\\tests\\login.cy.js",
      "file": "e2e\\tests\\login.cy.js",
      "beforeHooks": [],
      "afterHooks": [],
      "tests": [],
      "suites": [
        {
          "uuid": "f921e40b-f019-4467-a44a-41ce1568b1a1",
          "title": "Login Functionality - Optimized",
          "fullFile": "",
          "file": "",
          "beforeHooks": [],
          "afterHooks": [],
          "tests": [
            {
              "title": "Logs in with valid credentials",
              "fullTitle": "Login Functionality - Optimized Logs in with valid credentials",
              "timedOut": null,
              "duration": 15737,
              "state": "passed",
              "speed": "slow",
              "pass": true,
              "fail": false,
              "pending": false,
              "context": null,
              "code": "cy.login(\"himanshupant.qa@gmail.com\", \"Harry@123\"); // Perform login\ncy.url().should(\"include\", \"/dashboard\"); // Verify successful login",
              "err": {},
              "uuid": "5c34e66f-0ff8-4a1e-9cf4-7dc1fbe3eeb8",
              "parentUUID": "f921e40b-f019-4467-a44a-41ce1568b1a1",
              "isHook": false,
              "skipped": false
            }
          ],
          "suites": [],
          "passes": [
            "5c34e66f-0ff8-4a1e-9cf4-7dc1fbe3eeb8"
          ],
          "failures": [],
          "pending": [],
          "skipped": [],
          "duration": 15737,
          "root": false,
          "rootEmpty": false,
          "_timeout": 2000
        }
      ],
      "passes": [],
      "failures": [],
      "pending": [],
      "skipped": [],
      "duration": 0,
      "root": true,
      "rootEmpty": true,
      "_timeout": 2000
    }
  ],
  "meta": {
    "mocha": {
      "version": "7.0.1"
    },
    "mochawesome": {
      "options": {
        "quiet": false,
        "reportFilename": "mochawesome",
        "saveHtml": true,
        "saveJson": true,
        "consoleReporter": "spec",
        "useInlineDiffs": false,
        "code": true
      },
      "version": "7.1.3"
    },
    "marge": {
      "options": {
        "reportDir": "cypress/reports/mochawesome",
        "overwrite": false,
        "html": true,
        "json": true
      },
      "version": "6.2.0"
    }
  }
}