{
  "stats": {
    "suites": 1,
    "tests": 1,
    "passes": 1,
    "pending": 0,
    "failures": 0,
    "start": "2025-02-24T13:54:41.678Z",
    "end": "2025-02-24T13:55:03.973Z",
    "duration": 22295,
    "testsRegistered": 1,
    "passPercent": 100,
    "pendingPercent": 0,
    "other": 0,
    "hasOther": false,
    "skipped": 0,
    "hasSkipped": false
  },
  "results": [
    {
      "uuid": "a8b2d899-42cf-43c9-a6c6-5b5b06bea784",
      "title": "",
      "fullFile": "e2e\\tests\\addSource.cy.js",
      "file": "e2e\\tests\\addSource.cy.js",
      "beforeHooks": [],
      "afterHooks": [],
      "tests": [],
      "suites": [
        {
          "uuid": "3b197ffa-c9e5-4208-bd98-acfcb7ae3be6",
          "title": "Add Source in Settings - Optimized",
          "fullFile": "",
          "file": "",
          "beforeHooks": [],
          "afterHooks": [],
          "tests": [
            {
              "title": "Adds a new source in settings",
              "fullTitle": "Add Source in Settings - Optimized Adds a new source in settings",
              "timedOut": null,
              "duration": 22135,
              "state": "passed",
              "speed": "slow",
              "pass": true,
              "fail": false,
              "pending": false,
              "context": null,
              "code": "cy.login(\"himanshupant.qa@gmail.com\", \"Harry@123\"); // Login with valid credentials\ncy.url().should(\"include\", \"/dashboard\"); // Verify successful login\ncy.get('div > .menu-logout > li > a > .uil-wrench').click(); // Navigate to Settings\ncy.url().should(\"include\", \"/settings/status\"); // Verify navigation to Settings page\ncy.get('.mileStone > .mileStone-tab > a:nth-child(7) > .nav-item > .nav-link').click(); // Navigate to Sources tab\ncy.url().should(\"include\", \"/settings/sources#lead\"); // Verify navigation to Sources section\ncy.get('section > .d-flex > .d-flex > .d-flex > .cstm-dark-text:nth-child(2)').click(); // Click on Add Source button\ncy.get('form > #modalBody > .form-row > .form-group > .champ-form__cm-input').should('be.visible').type(faker.person.firstName()); // Enter Source Name\ncy.get('form > .modal-box--dialog__container-footer > .border__top-grey > .position-relative > .button').should('be.enabled').click(); // Click Submit Button\n// Uncomment to validate success message if applicable\n// cy.get('.Snackbar_snackbar__text__1Hx2a')\n//   .should(\"contain\", \"Source Added successfully\"); // Verify success message",
              "err": {},
              "uuid": "16406930-f060-496a-9aaa-05ecbf979971",
              "parentUUID": "3b197ffa-c9e5-4208-bd98-acfcb7ae3be6",
              "isHook": false,
              "skipped": false
            }
          ],
          "suites": [],
          "passes": [
            "16406930-f060-496a-9aaa-05ecbf979971"
          ],
          "failures": [],
          "pending": [],
          "skipped": [],
          "duration": 22135,
          "root": false,
          "rootEmpty": false,
          "_timeout": 2000
        }
      ],
      "passes": [],
      "failures": [],
      "pending": [],
      "skipped": [],
      "duration": 0,
      "root": true,
      "rootEmpty": true,
      "_timeout": 2000
    }
  ],
  "meta": {
    "mocha": {
      "version": "7.0.1"
    },
    "mochawesome": {
      "options": {
        "quiet": false,
        "reportFilename": "mochawesome",
        "saveHtml": true,
        "saveJson": true,
        "consoleReporter": "spec",
        "useInlineDiffs": false,
        "code": true
      },
      "version": "7.1.3"
    },
    "marge": {
      "options": {
        "reportDir": "cypress/reports/mochawesome",
        "overwrite": false,
        "html": true,
        "json": true
      },
      "version": "6.2.0"
    }
  }
}