{
  "stats": {
    "suites": 1,
    "tests": 1,
    "passes": 1,
    "pending": 0,
    "failures": 0,
    "start": "2025-02-24T13:53:19.545Z",
    "end": "2025-02-24T13:53:38.623Z",
    "duration": 19078,
    "testsRegistered": 1,
    "passPercent": 100,
    "pendingPercent": 0,
    "other": 0,
    "hasOther": false,
    "skipped": 0,
    "hasSkipped": false
  },
  "results": [
    {
      "uuid": "8deb6646-322e-4a21-9178-4588d02cd273",
      "title": "",
      "fullFile": "e2e\\tests\\addVipPartner.cy.js",
      "file": "e2e\\tests\\addVipPartner.cy.js",
      "beforeHooks": [],
      "afterHooks": [],
      "tests": [],
      "suites": [
        {
          "uuid": "68355fe0-6633-42e5-b8c9-6f1da4ce3f86",
          "title": "Add VIP Partner - Optimized",
          "fullFile": "",
          "file": "",
          "beforeHooks": [],
          "afterHooks": [],
          "tests": [
            {
              "title": "Adds a VIP partner",
              "fullTitle": "Add VIP Partner - Optimized Adds a VIP partner",
              "timedOut": null,
              "duration": 18924,
              "state": "passed",
              "speed": "slow",
              "pass": true,
              "fail": false,
              "pending": false,
              "context": null,
              "code": "cy.login(\"himanshupant.qa@gmail.com\", \"Harry@123\"); // Login with valid credentials\ncy.url().should(\"include\", \"/dashboard\"); // Verify successful login\ncy.get('div > .menu-logout > li > a > .uil-briefcase-alt').click(); // Navigate to VIP Partners section\ncy.get('.col-lg-12 > div > .form-row > .col-lg-8 > .button').click(); // Click on Add VIP Partner button\n// Fill VIP partner details\ncy.get('#modalBody > .form-row > .form-group:nth-child(1) > .selectDiv > .champ-form__cm-input').should('be.visible').select('RT'); // Select Role Type\ncy.get('#modalBody > .form-row > .cstm-light-text:nth-child(3) > .selectDiv > .champ-form__cm-input').should('be.visible').select('selfgen'); // Select Source\ncy.get('form > #modalBody > .form-row > .cstm-light-text:nth-child(5) > .champ-form__cm-input').should('be.visible').type(faker.person.firstName()); // Enter First Name\ncy.get('form > #modalBody > .form-row > .form-group:nth-child(6) > .champ-form__cm-input').should('be.visible').type(faker.person.lastName()); // Enter Last Name\ncy.get('form > #modalBody > .form-row > .form-group:nth-child(7) > .champ-form__cm-input').should('be.visible').type(faker.internet.email()); // Enter Email\ncy.get('form > #modalBody > .form-row > .form-group:nth-child(8) > .champ-form__cm-input').should('be.visible').type(faker.phone.number()); // Enter Phone Number\ncy.get('form > #modalBody > .form-row > .form-group:nth-child(12) > .champ-form__cm-input').should('be.visible').type(faker.company.name()); // Enter Company Name\ncy.get('.modal-box--dialog__container-footer > .w-100 > .position-relative:nth-child(3) > .button > span').click(); // Click Submit Button\n// Uncomment to validate success message if applicable\n// cy.get('.Snackbar_snackbar__text__1Hx2a')\n//   .should(\"contain\", \"Partner Added successfully\"); // Verify success message",
              "err": {},
              "uuid": "dda17b53-2a9d-400f-a56b-478eddf764c6",
              "parentUUID": "68355fe0-6633-42e5-b8c9-6f1da4ce3f86",
              "isHook": false,
              "skipped": false
            }
          ],
          "suites": [],
          "passes": [
            "dda17b53-2a9d-400f-a56b-478eddf764c6"
          ],
          "failures": [],
          "pending": [],
          "skipped": [],
          "duration": 18924,
          "root": false,
          "rootEmpty": false,
          "_timeout": 2000
        }
      ],
      "passes": [],
      "failures": [],
      "pending": [],
      "skipped": [],
      "duration": 0,
      "root": true,
      "rootEmpty": true,
      "_timeout": 2000
    }
  ],
  "meta": {
    "mocha": {
      "version": "7.0.1"
    },
    "mochawesome": {
      "options": {
        "quiet": false,
        "reportFilename": "mochawesome",
        "saveHtml": true,
        "saveJson": true,
        "consoleReporter": "spec",
        "useInlineDiffs": false,
        "code": true
      },
      "version": "7.1.3"
    },
    "marge": {
      "options": {
        "reportDir": "cypress/reports/mochawesome",
        "overwrite": false,
        "html": true,
        "json": true
      },
      "version": "6.2.0"
    }
  }
}