{
  "stats": {
    "suites": 1,
    "tests": 1,
    "passes": 1,
    "pending": 0,
    "failures": 0,
    "start": "2025-02-24T13:56:41.012Z",
    "end": "2025-02-24T13:57:03.686Z",
    "duration": 22674,
    "testsRegistered": 1,
    "passPercent": 100,
    "pendingPercent": 0,
    "other": 0,
    "hasOther": false,
    "skipped": 0,
    "hasSkipped": false
  },
  "results": [
    {
      "uuid": "8df44f2b-f00a-4ead-8d0f-c90d9a515ab1",
      "title": "",
      "fullFile": "e2e\\tests\\addCustomLink.cy.js",
      "file": "e2e\\tests\\addCustomLink.cy.js",
      "beforeHooks": [],
      "afterHooks": [],
      "tests": [],
      "suites": [
        {
          "uuid": "616fa8cf-9d20-4a04-a107-be65d29405db",
          "title": "Add Custom Link - Optimized",
          "fullFile": "",
          "file": "",
          "beforeHooks": [],
          "afterHooks": [],
          "tests": [
            {
              "title": "Adds a custom link",
              "fullTitle": "Add Custom Link - Optimized Adds a custom link",
              "timedOut": null,
              "duration": 22502,
              "state": "passed",
              "speed": "slow",
              "pass": true,
              "fail": false,
              "pending": false,
              "context": null,
              "code": "cy.login(\"himanshupant.qa@gmail.com\", \"Harry@123\"); // Login with valid credentials\ncy.url().should(\"include\", \"/dashboard\"); // Verify successful login\ncy.get('.user > div > .dropdown-custom > .dropdown-toggle > .user-profile-box').should('be.visible').click(); // Open user profile dropdown\ncy.get('div > .dropdown-custom > .dropdown-custom-menu > .dropdown-custom-item:nth-child(4) > .dropdown-item').should('be.visible').click(); // Click on custom links\ncy.get('#content > .page-loader > .content-box > .d-flex > .button').should('be.visible').click(); // Click add link button\n// Fill custom link form\ncy.get('#modalBody > .page-loader > .form-row > .col-lg-6:nth-child(1) > .champ-form__cm-input').should('be.visible').type(faker.company.name()); // Enter Link name\ncy.get('#modalBody > .page-loader > .form-row > .col-lg-6:nth-child(2) > .champ-form__cm-input').should('be.visible').type(faker.lorem.word()); // Enter short Id\ncy.get('#modalBody > .page-loader > .form-row > .col-lg-6:nth-child(1) > .champ-form__cm-input').should('be.visible').click(); // Click input field (simulate user action)\ncy.get('#modalBody > .page-loader > .form-row > .col-lg-6 > .d-flex').should('be.visible').click(); // Click save button\ncy.visit('https://uat.mloflo.com/loan-officer/links'); // Verify redirect to links page",
              "err": {},
              "uuid": "0461a1ed-f6f0-4a12-9e04-2c668ba0519b",
              "parentUUID": "616fa8cf-9d20-4a04-a107-be65d29405db",
              "isHook": false,
              "skipped": false
            }
          ],
          "suites": [],
          "passes": [
            "0461a1ed-f6f0-4a12-9e04-2c668ba0519b"
          ],
          "failures": [],
          "pending": [],
          "skipped": [],
          "duration": 22502,
          "root": false,
          "rootEmpty": false,
          "_timeout": 2000
        }
      ],
      "passes": [],
      "failures": [],
      "pending": [],
      "skipped": [],
      "duration": 0,
      "root": true,
      "rootEmpty": true,
      "_timeout": 2000
    }
  ],
  "meta": {
    "mocha": {
      "version": "7.0.1"
    },
    "mochawesome": {
      "options": {
        "quiet": false,
        "reportFilename": "mochawesome",
        "saveHtml": true,
        "saveJson": true,
        "consoleReporter": "spec",
        "useInlineDiffs": false,
        "code": true
      },
      "version": "7.1.3"
    },
    "marge": {
      "options": {
        "reportDir": "cypress/reports/mochawesome",
        "overwrite": false,
        "html": true,
        "json": true
      },
      "version": "6.2.0"
    }
  }
}