{
  "stats": {
    "suites": 1,
    "tests": 1,
    "passes": 1,
    "pending": 0,
    "failures": 0,
    "start": "2025-02-24T13:52:38.743Z",
    "end": "2025-02-24T13:52:59.584Z",
    "duration": 20841,
    "testsRegistered": 1,
    "passPercent": 100,
    "pendingPercent": 0,
    "other": 0,
    "hasOther": false,
    "skipped": 0,
    "hasSkipped": false
  },
  "results": [
    {
      "uuid": "0f1e756a-ac64-46c7-bc72-a6b21ed60621",
      "title": "",
      "fullFile": "e2e\\tests\\addPartnerLead.cy.js",
      "file": "e2e\\tests\\addPartnerLead.cy.js",
      "beforeHooks": [],
      "afterHooks": [],
      "tests": [],
      "suites": [
        {
          "uuid": "fa6c173a-a266-4ec6-bcc0-7a3bd3898271",
          "title": "Add Partner Lead from Pipeline - Optimized",
          "fullFile": "",
          "file": "",
          "beforeHooks": [],
          "afterHooks": [],
          "tests": [
            {
              "title": "Adds a partner lead from pipeline",
              "fullTitle": "Add Partner Lead from Pipeline - Optimized Adds a partner lead from pipeline",
              "timedOut": null,
              "duration": 20656,
              "state": "passed",
              "speed": "slow",
              "pass": true,
              "fail": false,
              "pending": false,
              "context": null,
              "code": "cy.login(\"himanshupant.qa@gmail.com\", \"Harry@123\"); // Login with valid credentials\ncy.url().should(\"include\", \"/dashboard\"); // Verify successful login\ncy.get('div > .menu-logout > li:nth-child(2) > a > .uil-chart').should('be.visible').click(); // Navigate to Pipeline page\ncy.url().should(\"include\", \"/pipeline\"); // Verify navigation to pipeline\ncy.get('.layout-grid-height-1 > .mileStone > .mileStone-tab > .nav-item:nth-child(3) > .nav-link').should('be.visible').click(); // Navigate to Partner Leads tab\ncy.get('.form-row > .d-flex > .position-relative > .d-flex > .button').should('be.visible').click(); // Click on Add Partner Lead button\n// Fill partner lead details\ncy.get('#modalBody > .form-row > .form-group:nth-child(1) > .selectDiv > .champ-form__cm-input').should('be.visible').select('RT'); // Select Role Type\ncy.get('#modalBody > .form-row > .form-group:nth-child(2) > .selectDiv > .champ-form__cm-input').should('be.visible').select('PC'); // Select Partner Category\ncy.get('#modalBody > .form-row > .cstm-light-text:nth-child(3) > .selectDiv > .champ-form__cm-input').should('be.visible').select('selfgen'); // Select Source\ncy.get('form > #modalBody > .form-row > .cstm-light-text:nth-child(5) > .champ-form__cm-input').should('be.visible').type(faker.person.firstName()); // Enter First Name\ncy.get('form > #modalBody > .form-row > .form-group:nth-child(6) > .champ-form__cm-input').should('be.visible').type(faker.person.lastName()); // Enter Last Name\ncy.get('form > #modalBody > .form-row > .form-group:nth-child(7) > .champ-form__cm-input').should('be.visible').type(faker.internet.email()); // Enter Email\ncy.get('form > #modalBody > .form-row > .form-group:nth-child(8) > .champ-form__cm-input').should('be.visible').type(faker.phone.number()); // Enter Phone Number\ncy.get('form > #modalBody > .form-row > .form-group:nth-child(12) > .champ-form__cm-input').should('be.visible').type(faker.company.name()); // Enter Company Name\ncy.get('.modal-box--dialog__container-footer > .w-100 > .position-relative:nth-child(3) > .button > span').click(); // Click Submit Button\n// cy.get('.Snackbar_snackbar__text__1Hx2a')\n//   .should(\"contain\", \"Partner Created successfully\"); // Verify success message",
              "err": {},
              "uuid": "8857ffec-5561-4db0-8461-4e76bf5e1b46",
              "parentUUID": "fa6c173a-a266-4ec6-bcc0-7a3bd3898271",
              "isHook": false,
              "skipped": false
            }
          ],
          "suites": [],
          "passes": [
            "8857ffec-5561-4db0-8461-4e76bf5e1b46"
          ],
          "failures": [],
          "pending": [],
          "skipped": [],
          "duration": 20656,
          "root": false,
          "rootEmpty": false,
          "_timeout": 2000
        }
      ],
      "passes": [],
      "failures": [],
      "pending": [],
      "skipped": [],
      "duration": 0,
      "root": true,
      "rootEmpty": true,
      "_timeout": 2000
    }
  ],
  "meta": {
    "mocha": {
      "version": "7.0.1"
    },
    "mochawesome": {
      "options": {
        "quiet": false,
        "reportFilename": "mochawesome",
        "saveHtml": true,
        "saveJson": true,
        "consoleReporter": "spec",
        "useInlineDiffs": false,
        "code": true
      },
      "version": "7.1.3"
    },
    "marge": {
      "options": {
        "reportDir": "cypress/reports/mochawesome",
        "overwrite": false,
        "html": true,
        "json": true
      },
      "version": "6.2.0"
    }
  }
}