{
  "stats": {
    "suites": 1,
    "tests": 1,
    "passes": 1,
    "pending": 0,
    "failures": 0,
    "start": "2025-02-17T20:08:14.374Z",
    "end": "2025-02-17T20:08:34.322Z",
    "duration": 19948,
    "testsRegistered": 1,
    "passPercent": 100,
    "pendingPercent": 0,
    "other": 0,
    "hasOther": false,
    "skipped": 0,
    "hasSkipped": false
  },
  "results": [
    {
      "uuid": "3889dd98-95dc-4dbe-bf33-30eb5cbc4f3a",
      "title": "",
      "fullFile": "e2e\\tests\\login.cy.js",
      "file": "e2e\\tests\\login.cy.js",
      "beforeHooks": [],
      "afterHooks": [],
      "tests": [],
      "suites": [
        {
          "uuid": "6d6d8856-4f08-40de-b443-7f5c8e2cc293",
          "title": "Login and Navigation Scenarios",
          "fullFile": "",
          "file": "",
          "beforeHooks": [],
          "afterHooks": [],
          "tests": [
            {
              "title": "Login with valid credentials",
              "fullTitle": "Login and Navigation Scenarios Login with valid credentials",
              "timedOut": null,
              "duration": 19848,
              "state": "passed",
              "speed": "slow",
              "pass": true,
              "fail": false,
              "pending": false,
              "context": null,
              "code": "cy.login(\"himanshupant.qa@gmail.com\", \"Harry@123\");\ncy.url().should(\"include\", \"/dashboard\");",
              "err": {},
              "uuid": "539caac8-37c0-4c46-9cbb-59b9b844e649",
              "parentUUID": "6d6d8856-4f08-40de-b443-7f5c8e2cc293",
              "isHook": false,
              "skipped": false
            }
          ],
          "suites": [],
          "passes": [
            "539caac8-37c0-4c46-9cbb-59b9b844e649"
          ],
          "failures": [],
          "pending": [],
          "skipped": [],
          "duration": 19848,
          "root": false,
          "rootEmpty": false,
          "_timeout": 2000
        }
      ],
      "passes": [],
      "failures": [],
      "pending": [],
      "skipped": [],
      "duration": 0,
      "root": true,
      "rootEmpty": true,
      "_timeout": 2000
    }
  ],
  "meta": {
    "mocha": {
      "version": "7.0.1"
    },
    "mochawesome": {
      "options": {
        "quiet": false,
        "reportFilename": "mochawesome",
        "saveHtml": true,
        "saveJson": true,
        "consoleReporter": "spec",
        "useInlineDiffs": false,
        "code": true
      },
      "version": "7.1.3"
    },
    "marge": {
      "options": {
        "reportDir": "cypress/reports/mochawesome",
        "overwrite": false,
        "html": true,
        "json": true
      },
      "version": "6.2.0"
    }
  }
}