{
  "stats": {
    "suites": 1,
    "tests": 1,
    "passes": 1,
    "pending": 0,
    "failures": 0,
    "start": "2025-02-24T13:48:55.574Z",
    "end": "2025-02-24T13:49:13.424Z",
    "duration": 17850,
    "testsRegistered": 1,
    "passPercent": 100,
    "pendingPercent": 0,
    "other": 0,
    "hasOther": false,
    "skipped": 0,
    "hasSkipped": false
  },
  "results": [
    {
      "uuid": "89260960-863e-4fdb-a613-131d942aab0f",
      "title": "",
      "fullFile": "e2e\\tests\\addPartnerHeader.cy.js",
      "file": "e2e\\tests\\addPartnerHeader.cy.js",
      "beforeHooks": [],
      "afterHooks": [],
      "tests": [],
      "suites": [
        {
          "uuid": "ed627ec4-ec6d-45e2-a4c4-cac54d0f3fdb",
          "title": "Add partner from header",
          "fullFile": "",
          "file": "",
          "beforeHooks": [],
          "afterHooks": [],
          "tests": [
            {
              "title": "Add partner from header",
              "fullTitle": "Add partner from header Add partner from header",
              "timedOut": null,
              "duration": 17663,
              "state": "passed",
              "speed": "slow",
              "pass": true,
              "fail": false,
              "pending": false,
              "context": null,
              "code": "cy.login(\"himanshupant.qa@gmail.com\", \"Harry@123\"); // Login with valid credentials\ncy.url().should(\"include\", \"/dashboard\"); // Verify successful login\ncy.get('div > .dropdown-custom > .dropdown-toggle > .bg-transparent > .uil-plus').should('be.visible').click(); // Open dropdown menu\ncy.get('div > .dropdown-custom > .dropdown-custom-menu > .dropdown-custom-item:nth-child(1) > span').should('be.visible').click(); // Select \"Add partner\" option\n// Fill tag details\ncy.get('#modalBody > .form-row > .form-group:nth-child(1) > .selectDiv > .champ-form__cm-input').should('be.visible').select('RT'); // Select Role Type\ncy.get('#modalBody > .form-row > .form-group:nth-child(2) > .selectDiv > .champ-form__cm-input').should('be.visible').select('PC'); // Select Partner Category\ncy.get('#modalBody > .form-row > .cstm-light-text:nth-child(3) > .selectDiv > .champ-form__cm-input').should('be.visible').select('selfgen'); // Select Source\ncy.get('form > #modalBody > .form-row > .cstm-light-text:nth-child(5) > .champ-form__cm-input').should('be.visible').type(faker.person.firstName()); // Enter First Name\ncy.get('form > #modalBody > .form-row > .form-group:nth-child(6) > .champ-form__cm-input').should('be.visible').type(faker.person.lastName()); // Enter Last Name\ncy.get('form > #modalBody > .form-row > .form-group:nth-child(7) > .champ-form__cm-input').should('be.visible').type(faker.internet.email()); // Enter Email\ncy.get('form > #modalBody > .form-row > .form-group:nth-child(8) > .champ-form__cm-input').should('be.visible').type(faker.phone.number()); // Enter Phone Number\ncy.get('form > #modalBody > .form-row > .form-group:nth-child(12) > .champ-form__cm-input').should('be.visible').type(faker.company.name()); // Enter Company Name\ncy.get('.w-100 > :nth-child(3) > .button').should('be.enabled').click(); // Click Submit Button\n// cy.get('.Snackbar_snackbar__text__1Hx2a')\n// .should('contain', \"Partner Created Successfully\")",
              "err": {},
              "uuid": "cd3d7852-075e-492d-8752-f0799a0334ec",
              "parentUUID": "ed627ec4-ec6d-45e2-a4c4-cac54d0f3fdb",
              "isHook": false,
              "skipped": false
            }
          ],
          "suites": [],
          "passes": [
            "cd3d7852-075e-492d-8752-f0799a0334ec"
          ],
          "failures": [],
          "pending": [],
          "skipped": [],
          "duration": 17663,
          "root": false,
          "rootEmpty": false,
          "_timeout": 2000
        }
      ],
      "passes": [],
      "failures": [],
      "pending": [],
      "skipped": [],
      "duration": 0,
      "root": true,
      "rootEmpty": true,
      "_timeout": 2000
    }
  ],
  "meta": {
    "mocha": {
      "version": "7.0.1"
    },
    "mochawesome": {
      "options": {
        "quiet": false,
        "reportFilename": "mochawesome",
        "saveHtml": true,
        "saveJson": true,
        "consoleReporter": "spec",
        "useInlineDiffs": false,
        "code": true
      },
      "version": "7.1.3"
    },
    "marge": {
      "options": {
        "reportDir": "cypress/reports/mochawesome",
        "overwrite": false,
        "html": true,
        "json": true
      },
      "version": "6.2.0"
    }
  }
}