{
  "stats": {
    "suites": 1,
    "tests": 1,
    "passes": 1,
    "pending": 0,
    "failures": 0,
    "start": "2025-02-24T13:51:02.346Z",
    "end": "2025-02-24T13:51:25.245Z",
    "duration": 22899,
    "testsRegistered": 1,
    "passPercent": 100,
    "pendingPercent": 0,
    "other": 0,
    "hasOther": false,
    "skipped": 0,
    "hasSkipped": false
  },
  "results": [
    {
      "uuid": "17bd3bf5-dba7-4b4e-bcca-4b5586b3c12c",
      "title": "",
      "fullFile": "e2e\\tests\\addBorrowerLead.cy.js",
      "file": "e2e\\tests\\addBorrowerLead.cy.js",
      "beforeHooks": [],
      "afterHooks": [],
      "tests": [],
      "suites": [
        {
          "uuid": "d7b6b31b-7899-49b1-9838-0b344e2dba54",
          "title": "Add Lead from Pipeline - Optimized",
          "fullFile": "",
          "file": "",
          "beforeHooks": [],
          "afterHooks": [],
          "tests": [
            {
              "title": "Adds a borrower lead from pipeline",
              "fullTitle": "Add Lead from Pipeline - Optimized Adds a borrower lead from pipeline",
              "timedOut": null,
              "duration": 22713,
              "state": "passed",
              "speed": "slow",
              "pass": true,
              "fail": false,
              "pending": false,
              "context": null,
              "code": "cy.login(\"himanshupant.qa@gmail.com\", \"Harry@123\"); // Login with valid credentials\ncy.url().should(\"include\", \"/dashboard\"); // Verify successful login\ncy.get('div > .menu-logout > li:nth-child(2) > a > .uil-chart').should('be.visible').click(); // Navigate to Pipeline page\ncy.url().should(\"include\", \"/pipeline\"); // Verify navigation to pipeline\ncy.get('.layout-grid-height-1 > .content-box > .form-row > .d-flex:nth-child(3) > .button').should('be.visible').click(); // Click on Add Lead button\n// Fill borrower lead details\ncy.get('#modalBody > .form-row > .form-group:nth-child(2) > .selectDiv > .champ-form__cm-input').should('be.visible').select('selfgen');\ncy.get('form > #modalBody > .form-row > .form-group:nth-child(2) > .champ-form__cm-input').should('be.visible').type(faker.person.firstName()); // Enter first name\ncy.get('form > #modalBody > .form-row > .form-group:nth-child(3) > .champ-form__cm-input').should('be.visible').type(faker.person.lastName()); // Enter last name\ncy.get('form > #modalBody > .form-row > .form-group:nth-child(4) > .champ-form__cm-input').should('be.visible').type(faker.phone.number()); // Enter phone number\ncy.get('form > #modalBody > .form-row > .form-group:nth-child(5) > .champ-form__cm-input').should('be.visible').type(faker.internet.email()); // Enter email\ncy.get('form > .modal-box--dialog__container-footer > .w-100 > .position-relative > .button').should('be.enabled').click(); // Click submit button\ncy.get('.Snackbar_snackbar__text__1Hx2a').should(\"contain\", \"Lead Created successfully\"); // Verify success message",
              "err": {},
              "uuid": "13582813-dd8d-42e6-bee8-8926b7716c04",
              "parentUUID": "d7b6b31b-7899-49b1-9838-0b344e2dba54",
              "isHook": false,
              "skipped": false
            }
          ],
          "suites": [],
          "passes": [
            "13582813-dd8d-42e6-bee8-8926b7716c04"
          ],
          "failures": [],
          "pending": [],
          "skipped": [],
          "duration": 22713,
          "root": false,
          "rootEmpty": false,
          "_timeout": 2000
        }
      ],
      "passes": [],
      "failures": [],
      "pending": [],
      "skipped": [],
      "duration": 0,
      "root": true,
      "rootEmpty": true,
      "_timeout": 2000
    }
  ],
  "meta": {
    "mocha": {
      "version": "7.0.1"
    },
    "mochawesome": {
      "options": {
        "quiet": false,
        "reportFilename": "mochawesome",
        "saveHtml": true,
        "saveJson": true,
        "consoleReporter": "spec",
        "useInlineDiffs": false,
        "code": true
      },
      "version": "7.1.3"
    },
    "marge": {
      "options": {
        "reportDir": "cypress/reports/mochawesome",
        "overwrite": false,
        "html": true,
        "json": true
      },
      "version": "6.2.0"
    }
  }
}