{
  "stats": {
    "suites": 1,
    "tests": 1,
    "passes": 1,
    "pending": 0,
    "failures": 0,
    "start": "2025-02-17T20:09:04.422Z",
    "end": "2025-02-17T20:09:43.037Z",
    "duration": 38615,
    "testsRegistered": 1,
    "passPercent": 100,
    "pendingPercent": 0,
    "other": 0,
    "hasOther": false,
    "skipped": 0,
    "hasSkipped": false
  },
  "results": [
    {
      "uuid": "18dc4854-5c2a-497f-ab73-21f3dc14f41a",
      "title": "",
      "fullFile": "e2e\\tests\\logout.cy.js",
      "file": "e2e\\tests\\logout.cy.js",
      "beforeHooks": [],
      "afterHooks": [],
      "tests": [],
      "suites": [
        {
          "uuid": "15ec5e7d-c899-4865-b529-3817e1f6714d",
          "title": "Logout",
          "fullFile": "",
          "file": "",
          "beforeHooks": [],
          "afterHooks": [],
          "tests": [
            {
              "title": "Logout",
              "fullTitle": "Logout Logout",
              "timedOut": null,
              "duration": 38516,
              "state": "passed",
              "speed": "slow",
              "pass": true,
              "fail": false,
              "pending": false,
              "context": null,
              "code": "cy.login(\"himanshupant.qa@gmail.com\", \"Harry@123\");\ncy.url().should(\"include\", \"/dashboard\");\ncy.get('div > .dropdown-custom > .dropdown-toggle > .user-profile-box > .d-flex').click();\ncy.get('div > .dropdown-custom > .dropdown-custom-menu > .dropdown-custom-item:nth-child(5) > .dropdown-item').click();\ncy.url().should(\"include\", \"/login\");",
              "err": {},
              "uuid": "56267538-7df3-4e37-9a69-633e7fd7d0ea",
              "parentUUID": "15ec5e7d-c899-4865-b529-3817e1f6714d",
              "isHook": false,
              "skipped": false
            }
          ],
          "suites": [],
          "passes": [
            "56267538-7df3-4e37-9a69-633e7fd7d0ea"
          ],
          "failures": [],
          "pending": [],
          "skipped": [],
          "duration": 38516,
          "root": false,
          "rootEmpty": false,
          "_timeout": 2000
        }
      ],
      "passes": [],
      "failures": [],
      "pending": [],
      "skipped": [],
      "duration": 0,
      "root": true,
      "rootEmpty": true,
      "_timeout": 2000
    }
  ],
  "meta": {
    "mocha": {
      "version": "7.0.1"
    },
    "mochawesome": {
      "options": {
        "quiet": false,
        "reportFilename": "mochawesome",
        "saveHtml": true,
        "saveJson": true,
        "consoleReporter": "spec",
        "useInlineDiffs": false,
        "code": true
      },
      "version": "7.1.3"
    },
    "marge": {
      "options": {
        "reportDir": "cypress/reports/mochawesome",
        "overwrite": false,
        "html": true,
        "json": true
      },
      "version": "6.2.0"
    }
  }
}