{
  "stats": {
    "suites": 1,
    "tests": 1,
    "passes": 0,
    "pending": 0,
    "failures": 1,
    "start": "2025-02-04T11:49:19.054Z",
    "end": "2025-02-04T11:49:52.812Z",
    "duration": 33758,
    "testsRegistered": 1,
    "passPercent": 0,
    "pendingPercent": 0,
    "other": 0,
    "hasOther": false,
    "skipped": 0,
    "hasSkipped": false
  },
  "results": [
    {
      "uuid": "79b3e5f9-6937-47b4-afd1-8c762651fd04",
      "title": "",
      "fullFile": "e2e\\firstTest.cy.js",
      "file": "e2e\\firstTest.cy.js",
      "beforeHooks": [],
      "afterHooks": [],
      "tests": [],
      "suites": [
        {
          "uuid": "2f8b44a3-918a-4fbe-a2f5-531f6699b59d",
          "title": "Mloflo Automation",
          "fullFile": "",
          "file": "",
          "beforeHooks": [],
          "afterHooks": [],
          "tests": [
            {
              "title": "logs into mloflo account",
              "fullTitle": "Mloflo Automation logs into mloflo account",
              "timedOut": null,
              "duration": 33714,
              "state": "failed",
              "speed": null,
              "pass": false,
              "fail": true,
              "pending": false,
              "context": null,
              "code": "cy.visit(\"https://uat.mloflo.com/\");\ncy.wait(2000);\ncy.get(\"input[name='email']\").type(\"himanshupant.qa@gmail.com\");\ncy.wait(1000);\ncy.get(\"input[placeholder='Password']\").type(\"Harry@123\");\ncy.wait(1000);\ncy.get(\"#submit\").click();\ncy.wait(1000);\ncy.url().should('include', '/dashboard');\ncy.wait(4000);\ncy.get(':nth-child(9) > a').click();\ncy.wait(2000);\ncy.url().should('include', '/marketing');",
              "err": {
                "message": "AssertionError: Timed out retrying after 8000ms: expected 'https://uat.mloflo.com/login' to include '/dashboard'",
                "estack": "AssertionError: Timed out retrying after 8000ms: expected 'https://uat.mloflo.com/login' to include '/dashboard'\n    at Context.eval (webpack://mloflo-cypress/./e2e/firstTest.cy.js:15:13)",
                "diff": null
              },
              "uuid": "aab467c2-993d-4e51-a46f-40c88f1a58ac",
              "parentUUID": "2f8b44a3-918a-4fbe-a2f5-531f6699b59d",
              "isHook": false,
              "skipped": false
            }
          ],
          "suites": [],
          "passes": [],
          "failures": [
            "aab467c2-993d-4e51-a46f-40c88f1a58ac"
          ],
          "pending": [],
          "skipped": [],
          "duration": 33714,
          "root": false,
          "rootEmpty": false,
          "_timeout": 2000
        }
      ],
      "passes": [],
      "failures": [],
      "pending": [],
      "skipped": [],
      "duration": 0,
      "root": true,
      "rootEmpty": true,
      "_timeout": 2000
    }
  ],
  "meta": {
    "mocha": {
      "version": "7.0.1"
    },
    "mochawesome": {
      "options": {
        "quiet": false,
        "reportFilename": "mochawesome",
        "saveHtml": true,
        "saveJson": true,
        "consoleReporter": "spec",
        "useInlineDiffs": false,
        "code": true
      },
      "version": "7.1.3"
    },
    "marge": {
      "options": {
        "reportDir": "cypress/reports/mochawesome",
        "overwrite": false,
        "html": true,
        "json": true
      },
      "version": "6.2.0"
    }
  }
}