{
  "stats": {
    "suites": 1,
    "tests": 1,
    "passes": 1,
    "pending": 0,
    "failures": 0,
    "start": "2025-02-17T20:10:24.174Z",
    "end": "2025-02-17T20:10:46.332Z",
    "duration": 22158,
    "testsRegistered": 1,
    "passPercent": 100,
    "pendingPercent": 0,
    "other": 0,
    "hasOther": false,
    "skipped": 0,
    "hasSkipped": false
  },
  "results": [
    {
      "uuid": "608b65e5-cb34-40f2-8390-58de13b60785",
      "title": "",
      "fullFile": "e2e\\tests\\addCustomLink.cy.js",
      "file": "e2e\\tests\\addCustomLink.cy.js",
      "beforeHooks": [],
      "afterHooks": [],
      "tests": [],
      "suites": [
        {
          "uuid": "8641afbf-92bb-430b-b201-7f73b6a50329",
          "title": "Add custom link",
          "fullFile": "",
          "file": "",
          "beforeHooks": [],
          "afterHooks": [],
          "tests": [
            {
              "title": "Add custom link",
              "fullTitle": "Add custom link Add custom link",
              "timedOut": null,
              "duration": 21965,
              "state": "passed",
              "speed": "slow",
              "pass": true,
              "fail": false,
              "pending": false,
              "context": null,
              "code": "cy.login(\"himanshupant.qa@gmail.com\", \"Harry@123\");\ncy.url().should(\"include\", \"/dashboard\");\ncy.get('.user > div > .dropdown-custom > .dropdown-toggle > .user-profile-box').click();\ncy.get('div > .dropdown-custom > .dropdown-custom-menu > .dropdown-custom-item:nth-child(4) > .dropdown-item').click();\ncy.get('#content > .page-loader > .content-box > .d-flex > .button').click();\ncy.get('#modalBody > .page-loader > .form-row > .col-lg-6:nth-child(1) > .champ-form__cm-input').click();\ncy.get('#modalBody > .page-loader > .form-row > .col-lg-6:nth-child(1) > .champ-form__cm-input').type(faker.company.name());\ncy.get('#modalBody > .page-loader > .form-row > .col-lg-6:nth-child(2) > .champ-form__cm-input').type(faker.lorem.word());\ncy.get('#modalBody > .page-loader > .form-row > .col-lg-6:nth-child(1) > .champ-form__cm-input').click();\ncy.get('#modalBody > .page-loader > .form-row > .col-lg-6 > .d-flex').click();\ncy.visit('https://uat.mloflo.com/loan-officer/links');",
              "err": {},
              "uuid": "47c4b697-88fa-4965-ad32-ac97542ca125",
              "parentUUID": "8641afbf-92bb-430b-b201-7f73b6a50329",
              "isHook": false,
              "skipped": false
            }
          ],
          "suites": [],
          "passes": [
            "47c4b697-88fa-4965-ad32-ac97542ca125"
          ],
          "failures": [],
          "pending": [],
          "skipped": [],
          "duration": 21965,
          "root": false,
          "rootEmpty": false,
          "_timeout": 2000
        }
      ],
      "passes": [],
      "failures": [],
      "pending": [],
      "skipped": [],
      "duration": 0,
      "root": true,
      "rootEmpty": true,
      "_timeout": 2000
    }
  ],
  "meta": {
    "mocha": {
      "version": "7.0.1"
    },
    "mochawesome": {
      "options": {
        "quiet": false,
        "reportFilename": "mochawesome",
        "saveHtml": true,
        "saveJson": true,
        "consoleReporter": "spec",
        "useInlineDiffs": false,
        "code": true
      },
      "version": "7.1.3"
    },
    "marge": {
      "options": {
        "reportDir": "cypress/reports/mochawesome",
        "overwrite": false,
        "html": true,
        "json": true
      },
      "version": "6.2.0"
    }
  }
}