{
  "stats": {
    "suites": 1,
    "tests": 1,
    "passes": 0,
    "pending": 0,
    "failures": 1,
    "start": "2025-02-17T20:08:42.464Z",
    "end": "2025-02-17T20:09:02.936Z",
    "duration": 20472,
    "testsRegistered": 1,
    "passPercent": 0,
    "pendingPercent": 0,
    "other": 0,
    "hasOther": false,
    "skipped": 0,
    "hasSkipped": false
  },
  "results": [
    {
      "uuid": "dee45696-80d5-4f55-b681-dd042b990eea",
      "title": "",
      "fullFile": "e2e\\tests\\addBorrower.cy.js",
      "file": "e2e\\tests\\addBorrower.cy.js",
      "beforeHooks": [],
      "afterHooks": [],
      "tests": [],
      "suites": [
        {
          "uuid": "1d0e342e-3192-49a2-a6f4-dc24065c7737",
          "title": "Add borrower",
          "fullFile": "",
          "file": "",
          "beforeHooks": [],
          "afterHooks": [],
          "tests": [
            {
              "title": "Adds a borrower by clicking + icon in header",
              "fullTitle": "Add borrower Adds a borrower by clicking + icon in header",
              "timedOut": null,
              "duration": 20401,
              "state": "failed",
              "speed": null,
              "pass": false,
              "fail": true,
              "pending": false,
              "context": null,
              "code": "cy.login(\"himanshupant.qa@gmail.com\", \"Harry@123\");\ncy.url().should(\"include\", \"/dashboard\");\ncy.get('.dropdown-toggle > .bg-transparent').click();\ncy.get('[eventkey=\"2\"] > span').click();\ncy.get('#modalBody > .form-row > .form-group:nth-child(2) > .selectDiv > .champ-form__cm-input').select('selfgen');\ncy.get('#modalBody > :nth-child(3) > :nth-child(2) > .champ-form__cm-input').type(faker.person.firstName());\ncy.get(':nth-child(3) > .champ-form__cm-input').type(faker.person.lastName());\ncy.get(':nth-child(4) > .champ-form__cm-input').type(faker.phone.number());\ncy.get(':nth-child(5) > .champ-form__cm-input').type(faker.internet.email());\ncy.get('.position-relative > .button').click();\ncy.get('.Snackbar_snackbar__text__1Hx2a').should('contain', \"Lead Created successfully\");",
              "err": {
                "message": "CypressError: Timed out after waiting `20000ms` for your remote page to load.\n\nYour page did not fire its `load` event within `20000ms`.\n\nYou can try increasing the `pageLoadTimeout` value in `Users\\pantq\\cypress\\cypress.config.js` to wait longer.\n\nBrowsers will not fire the `load` event until all stylesheets and scripts are done downloading.\n\nWhen this `load` event occurs, Cypress will continue running commands.\n\nBecause this error occurred during a `before each` hook we are skipping the remaining tests in the current suite: `Add borrower`",
                "estack": "CypressError: Timed out after waiting `20000ms` for your remote page to load.\n\nYour page did not fire its `load` event within `20000ms`.\n\nYou can try increasing the `pageLoadTimeout` value in `Users\\pantq\\cypress\\cypress.config.js` to wait longer.\n\nBrowsers will not fire the `load` event until all stylesheets and scripts are done downloading.\n\nWhen this `load` event occurs, Cypress will continue running commands.\n\nBecause this error occurred during a `before each` hook we are skipping the remaining tests in the current suite: `Add borrower`\n    at timedOutWaitingForPageLoad (https://uat.mloflo.com/__cypress/runner/cypress_runner.js:130987:64)\n    at <unknown> (https://uat.mloflo.com/__cypress/runner/cypress_runner.js:131972:16)\n    at tryCatcher (https://uat.mloflo.com/__cypress/runner/cypress_runner.js:1807:23)\n    at <unknown> (https://uat.mloflo.com/__cypress/runner/cypress_runner.js:4186:41)\n    at tryCatcher (https://uat.mloflo.com/__cypress/runner/cypress_runner.js:1807:23)\n    at Promise._settlePromiseFromHandler (https://uat.mloflo.com/__cypress/runner/cypress_runner.js:1519:31)\n    at Promise._settlePromise (https://uat.mloflo.com/__cypress/runner/cypress_runner.js:1576:18)\n    at Promise._settlePromise0 (https://uat.mloflo.com/__cypress/runner/cypress_runner.js:1621:10)\n    at Promise._settlePromises (https://uat.mloflo.com/__cypress/runner/cypress_runner.js:1697:18)\n    at _drainQueueStep (https://uat.mloflo.com/__cypress/runner/cypress_runner.js:2407:12)\n    at _drainQueue (https://uat.mloflo.com/__cypress/runner/cypress_runner.js:2400:9)\n    at Async._drainQueues (https://uat.mloflo.com/__cypress/runner/cypress_runner.js:2416:5)\n    at Async.drainQueues (https://uat.mloflo.com/__cypress/runner/cypress_runner.js:2286:14)\nFrom Your Spec Code:\n    at Context.eval (webpack://mloflo-cypress/./e2e/tests/addBorrower.cy.js:11:11)",
                "diff": null
              },
              "uuid": "44847129-457a-444a-8c94-b4038706145d",
              "parentUUID": "1d0e342e-3192-49a2-a6f4-dc24065c7737",
              "isHook": false,
              "skipped": false
            }
          ],
          "suites": [],
          "passes": [],
          "failures": [
            "44847129-457a-444a-8c94-b4038706145d"
          ],
          "pending": [],
          "skipped": [],
          "duration": 20401,
          "root": false,
          "rootEmpty": false,
          "_timeout": 2000
        }
      ],
      "passes": [],
      "failures": [],
      "pending": [],
      "skipped": [],
      "duration": 0,
      "root": true,
      "rootEmpty": true,
      "_timeout": 2000
    }
  ],
  "meta": {
    "mocha": {
      "version": "7.0.1"
    },
    "mochawesome": {
      "options": {
        "quiet": false,
        "reportFilename": "mochawesome",
        "saveHtml": true,
        "saveJson": true,
        "consoleReporter": "spec",
        "useInlineDiffs": false,
        "code": true
      },
      "version": "7.1.3"
    },
    "marge": {
      "options": {
        "reportDir": "cypress/reports/mochawesome",
        "overwrite": false,
        "html": true,
        "json": true
      },
      "version": "6.2.0"
    }
  }
}