{
  "stats": {
    "suites": 1,
    "tests": 1,
    "passes": 1,
    "pending": 0,
    "failures": 0,
    "start": "2025-02-24T13:50:16.012Z",
    "end": "2025-02-24T13:50:37.640Z",
    "duration": 21628,
    "testsRegistered": 1,
    "passPercent": 100,
    "pendingPercent": 0,
    "other": 0,
    "hasOther": false,
    "skipped": 0,
    "hasSkipped": false
  },
  "results": [
    {
      "uuid": "75508985-253c-4424-95d9-bf95b0ec785d",
      "title": "",
      "fullFile": "e2e\\tests\\addBorrowerContact.cy.js",
      "file": "e2e\\tests\\addBorrowerContact.cy.js",
      "beforeHooks": [],
      "afterHooks": [],
      "tests": [],
      "suites": [
        {
          "uuid": "0dc57bcc-02fb-4971-9204-6e5c1436f799",
          "title": "Add Borrower Contact - Optimized",
          "fullFile": "",
          "file": "",
          "beforeHooks": [],
          "afterHooks": [],
          "tests": [
            {
              "title": "Adds a borrower contact",
              "fullTitle": "Add Borrower Contact - Optimized Adds a borrower contact",
              "timedOut": null,
              "duration": 21426,
              "state": "passed",
              "speed": "slow",
              "pass": true,
              "fail": false,
              "pending": false,
              "context": null,
              "code": "cy.login(\"himanshupant.qa@gmail.com\", \"Harry@123\"); // Login with valid credentials\ncy.url().should(\"include\", \"/dashboard\"); // Verify successful login\ncy.get('div > .menu-logout > li > a > .uil-user-square').should('be.visible').click(); // Navigate to Contacts page\ncy.url().should(\"include\", \"/contacts\"); // Verify navigation to Contacts page\ncy.get('.content-box > .form-row > .d-flex > .d-flex > .button').should('be.visible').click(); // Click on Add Contact button\n// Fill borrower contact details\ncy.get('#modalBody > .form-row > .form-group:nth-child(1) > .selectDiv > .champ-form__cm-input').should('be.visible').select('selfgen'); // Select Source\ncy.get('form > #modalBody > .form-row > .form-group:nth-child(2) > .champ-form__cm-input').should('be.visible').type(faker.person.firstName()); // Enter First Name\ncy.get('form > #modalBody > .form-row > .form-group:nth-child(3) > .champ-form__cm-input').should('be.visible').type(faker.person.lastName()); // Enter Last Name\ncy.get('form > #modalBody > .form-row > .form-group:nth-child(4) > .champ-form__cm-input').should('be.visible').type(faker.phone.number()); // Enter Phone Number\ncy.get('form > #modalBody > .form-row > .form-group:nth-child(5) > .champ-form__cm-input').should('be.visible').type(faker.internet.email()); // Enter Email\ncy.get('form > .modal-box--dialog__container-footer > .w-100 > .position-relative > .button').should('be.enabled').click(); // Click Submit Button\n// cy.get('.Snackbar_snackbar__text__1Hx2a')\n//   .should(\"contain\", \"Data Added successfully\"); // Verify success messages",
              "err": {},
              "uuid": "4251adf5-fb2d-4663-9428-ab3848975de7",
              "parentUUID": "0dc57bcc-02fb-4971-9204-6e5c1436f799",
              "isHook": false,
              "skipped": false
            }
          ],
          "suites": [],
          "passes": [
            "4251adf5-fb2d-4663-9428-ab3848975de7"
          ],
          "failures": [],
          "pending": [],
          "skipped": [],
          "duration": 21426,
          "root": false,
          "rootEmpty": false,
          "_timeout": 2000
        }
      ],
      "passes": [],
      "failures": [],
      "pending": [],
      "skipped": [],
      "duration": 0,
      "root": true,
      "rootEmpty": true,
      "_timeout": 2000
    }
  ],
  "meta": {
    "mocha": {
      "version": "7.0.1"
    },
    "mochawesome": {
      "options": {
        "quiet": false,
        "reportFilename": "mochawesome",
        "saveHtml": true,
        "saveJson": true,
        "consoleReporter": "spec",
        "useInlineDiffs": false,
        "code": true
      },
      "version": "7.1.3"
    },
    "marge": {
      "options": {
        "reportDir": "cypress/reports/mochawesome",
        "overwrite": false,
        "html": true,
        "json": true
      },
      "version": "6.2.0"
    }
  }
}