{
  "stats": {
    "suites": 1,
    "tests": 1,
    "passes": 1,
    "pending": 0,
    "failures": 0,
    "start": "2025-02-24T13:58:25.083Z",
    "end": "2025-02-24T13:58:51.255Z",
    "duration": 26172,
    "testsRegistered": 1,
    "passPercent": 100,
    "pendingPercent": 0,
    "other": 0,
    "hasOther": false,
    "skipped": 0,
    "hasSkipped": false
  },
  "results": [
    {
      "uuid": "c07af532-543b-405c-bb52-6824ca5760f6",
      "title": "",
      "fullFile": "e2e\\tests\\addAffiliations.cy.js",
      "file": "e2e\\tests\\addAffiliations.cy.js",
      "beforeHooks": [],
      "afterHooks": [],
      "tests": [],
      "suites": [
        {
          "uuid": "d6a0773a-6131-4485-8e89-ea9b9aaf5ded",
          "title": "Add Affiliation",
          "fullFile": "",
          "file": "",
          "beforeHooks": [],
          "afterHooks": [],
          "tests": [
            {
              "title": "Add Affiliation",
              "fullTitle": "Add Affiliation Add Affiliation",
              "timedOut": null,
              "duration": 26004,
              "state": "passed",
              "speed": "slow",
              "pass": true,
              "fail": false,
              "pending": false,
              "context": null,
              "code": "cy.login(\"himanshupant.qa@gmail.com\", \"Harry@123\"); // Login with valid credentials\ncy.url().should(\"include\", \"/dashboard\"); // Verify successful login\ncy.get('div > .menu-logout > li > a > .uil-wrench').click(); // Navigate to Settings\ncy.url().should(\"include\", \"/settings/status\"); // Verify navigation to Settings page\ncy.get('.mileStone > .mileStone-tab > a:nth-child(13) > .nav-item > .nav-link').click(); // Navigate to Affiliations tab\ncy.url().should(\"include\", \"/settings/affiliations\"); // Verify navigation to Affiliations section\ncy.get('.page-loader > .content-box > .d-flex > .d-flex > .cstm-dark-text').click(); // Click on Add Affiliation button\ncy.wait(1500);\ncy.get('form > #modalBody > .form-row > .form-group > .champ-form__cm-input').should('be.visible').type(faker.person.firstName()); // Enter Affiliation Name\ncy.get('form > .modal-box--dialog__container-footer > .border__top-grey > .position-relative > .button').should('be.enabled').click(); // Click Submit Button\n// Uncomment to validate success message if applicable\n// cy.get('.Snackbar_snackbar__text__1Hx2a')\n//   .should('contain', \"Disposition added successfully\"); // Validate success message",
              "err": {},
              "uuid": "4ad7d5e5-7de1-41d4-babf-eead18d29bc0",
              "parentUUID": "d6a0773a-6131-4485-8e89-ea9b9aaf5ded",
              "isHook": false,
              "skipped": false
            }
          ],
          "suites": [],
          "passes": [
            "4ad7d5e5-7de1-41d4-babf-eead18d29bc0"
          ],
          "failures": [],
          "pending": [],
          "skipped": [],
          "duration": 26004,
          "root": false,
          "rootEmpty": false,
          "_timeout": 2000
        }
      ],
      "passes": [],
      "failures": [],
      "pending": [],
      "skipped": [],
      "duration": 0,
      "root": true,
      "rootEmpty": true,
      "_timeout": 2000
    }
  ],
  "meta": {
    "mocha": {
      "version": "7.0.1"
    },
    "mochawesome": {
      "options": {
        "quiet": false,
        "reportFilename": "mochawesome",
        "saveHtml": true,
        "saveJson": true,
        "consoleReporter": "spec",
        "useInlineDiffs": false,
        "code": true
      },
      "version": "7.1.3"
    },
    "marge": {
      "options": {
        "reportDir": "cypress/reports/mochawesome",
        "overwrite": false,
        "html": true,
        "json": true
      },
      "version": "6.2.0"
    }
  }
}