{
  "stats": {
    "suites": 1,
    "tests": 1,
    "passes": 1,
    "pending": 0,
    "failures": 0,
    "start": "2025-02-24T13:55:25.162Z",
    "end": "2025-02-24T13:55:44.211Z",
    "duration": 19049,
    "testsRegistered": 1,
    "passPercent": 100,
    "pendingPercent": 0,
    "other": 0,
    "hasOther": false,
    "skipped": 0,
    "hasSkipped": false
  },
  "results": [
    {
      "uuid": "d2a39a49-d91a-4b38-b80b-48c9d9f68f85",
      "title": "",
      "fullFile": "e2e\\tests\\addDisposition.cy.js",
      "file": "e2e\\tests\\addDisposition.cy.js",
      "beforeHooks": [],
      "afterHooks": [],
      "tests": [],
      "suites": [
        {
          "uuid": "c4e9ff40-d588-4de8-b55d-e75984ef4205",
          "title": "Add Disposition in Settings - Optimized",
          "fullFile": "",
          "file": "",
          "beforeHooks": [],
          "afterHooks": [],
          "tests": [
            {
              "title": "Adds a new disposition in settings",
              "fullTitle": "Add Disposition in Settings - Optimized Adds a new disposition in settings",
              "timedOut": null,
              "duration": 18927,
              "state": "passed",
              "speed": "slow",
              "pass": true,
              "fail": false,
              "pending": false,
              "context": null,
              "code": "cy.login(\"himanshupant.qa@gmail.com\", \"Harry@123\"); // Login with valid credentials\ncy.url().should(\"include\", \"/dashboard\"); // Verify successful login\ncy.get('div > .menu-logout > li > a > .uil-wrench').click(); // Navigate to Settings\ncy.url().should(\"include\", \"/settings/status\"); // Verify navigation to Settings page\ncy.get('.mileStone > .mileStone-tab > a:nth-child(10) > .nav-item > .nav-link').click(); // Navigate to Dispositions tab\ncy.url().should(\"include\", \"/settings/dispositions\"); // Verify navigation to Dispositions section\ncy.get('.page-loader > .content-box > .d-flex > .d-flex > .cstm-dark-text').click(); // Click on Add Disposition button\ncy.get('form > #modalBody > .form-row > .form-group > .champ-form__cm-input').should('be.visible').type(faker.person.firstName()); // Enter Disposition Name\ncy.get('form > .modal-box--dialog__container-footer > .border__top-grey > .position-relative > .button').should('be.enabled').click(); // Click Submit Button\n// Uncomment to validate success message if applicable\n// cy.get('.Snackbar_snackbar__text__1Hx2a')\n//   .should(\"contain\", \"Disposition Added successfully\"); // Verify success message",
              "err": {},
              "uuid": "ff9dea6b-865f-4fb5-acdd-8fa512b5f5f6",
              "parentUUID": "c4e9ff40-d588-4de8-b55d-e75984ef4205",
              "isHook": false,
              "skipped": false
            }
          ],
          "suites": [],
          "passes": [
            "ff9dea6b-865f-4fb5-acdd-8fa512b5f5f6"
          ],
          "failures": [],
          "pending": [],
          "skipped": [],
          "duration": 18927,
          "root": false,
          "rootEmpty": false,
          "_timeout": 2000
        }
      ],
      "passes": [],
      "failures": [],
      "pending": [],
      "skipped": [],
      "duration": 0,
      "root": true,
      "rootEmpty": true,
      "_timeout": 2000
    }
  ],
  "meta": {
    "mocha": {
      "version": "7.0.1"
    },
    "mochawesome": {
      "options": {
        "quiet": false,
        "reportFilename": "mochawesome",
        "saveHtml": true,
        "saveJson": true,
        "consoleReporter": "spec",
        "useInlineDiffs": false,
        "code": true
      },
      "version": "7.1.3"
    },
    "marge": {
      "options": {
        "reportDir": "cypress/reports/mochawesome",
        "overwrite": false,
        "html": true,
        "json": true
      },
      "version": "6.2.0"
    }
  }
}