{
  "stats": {
    "suites": 6,
    "tests": 6,
    "passes": 6,
    "pending": 0,
    "failures": 0,
    "testsRegistered": 6,
    "passPercent": 100,
    "pendingPercent": 0,
    "other": 0,
    "hasOther": false,
    "skipped": 0,
    "hasSkipped": false,
    "start": "2025-02-18T18:09:28.495Z",
    "end": "2025-02-18T18:13:15.802Z",
    "duration": 227307
  },
  "results": [
    {
      "uuid": "327ec93a-0cb8-4ce5-b874-efb2ad05f08b",
      "title": "",
      "fullFile": "e2e\\tests\\addBorrower.cy.js",
      "file": "e2e\\tests\\addBorrower.cy.js",
      "beforeHooks": [],
      "afterHooks": [],
      "tests": [],
      "suites": [
        {
          "uuid": "09115bce-2ab5-46fb-88c3-865012dfc36c",
          "title": "Add borrower",
          "fullFile": "",
          "file": "",
          "beforeHooks": [],
          "afterHooks": [],
          "tests": [
            {
              "title": "Adds a borrower by clicking + icon in header",
              "fullTitle": "Add borrower Adds a borrower by clicking + icon in header",
              "timedOut": null,
              "duration": 26829,
              "state": "passed",
              "speed": "slow",
              "pass": true,
              "fail": false,
              "pending": false,
              "context": null,
              "code": "cy.login(\"himanshupant.qa@gmail.com\", \"Harry@123\");\ncy.url().should(\"include\", \"/dashboard\");\ncy.get('.dropdown-toggle > .bg-transparent').click();\ncy.get('[eventkey=\"2\"] > span').click();\ncy.get('#modalBody > .form-row > .form-group:nth-child(2) > .selectDiv > .champ-form__cm-input').select('selfgen');\ncy.get('#modalBody > :nth-child(3) > :nth-child(2) > .champ-form__cm-input').type(faker.person.firstName());\ncy.get(':nth-child(3) > .champ-form__cm-input').type(faker.person.lastName());\ncy.get(':nth-child(4) > .champ-form__cm-input').type(faker.phone.number());\ncy.get(':nth-child(5) > .champ-form__cm-input').type(faker.internet.email());\ncy.get('.position-relative > .button').click();\ncy.get('.Snackbar_snackbar__text__1Hx2a').should('contain', \"Lead Created successfully\");",
              "err": {},
              "uuid": "ec287c5f-666b-45ca-8bdc-b7cae0394b66",
              "parentUUID": "09115bce-2ab5-46fb-88c3-865012dfc36c",
              "isHook": false,
              "skipped": false
            }
          ],
          "suites": [],
          "passes": [
            "ec287c5f-666b-45ca-8bdc-b7cae0394b66"
          ],
          "failures": [],
          "pending": [],
          "skipped": [],
          "duration": 26829,
          "root": false,
          "rootEmpty": false,
          "_timeout": 2000
        }
      ],
      "passes": [],
      "failures": [],
      "pending": [],
      "skipped": [],
      "duration": 0,
      "root": true,
      "rootEmpty": true,
      "_timeout": 2000
    },
    {
      "uuid": "bd3612a0-3344-4c9c-be04-96c7413adadc",
      "title": "",
      "fullFile": "e2e\\tests\\logout.cy.js",
      "file": "e2e\\tests\\logout.cy.js",
      "beforeHooks": [],
      "afterHooks": [],
      "tests": [],
      "suites": [
        {
          "uuid": "ca8ffab9-465d-4d97-93e9-704489c6e734",
          "title": "Logout",
          "fullFile": "",
          "file": "",
          "beforeHooks": [],
          "afterHooks": [],
          "tests": [
            {
              "title": "Logout",
              "fullTitle": "Logout Logout",
              "timedOut": null,
              "duration": 22040,
              "state": "passed",
              "speed": "slow",
              "pass": true,
              "fail": false,
              "pending": false,
              "context": null,
              "code": "cy.login(\"himanshupant.qa@gmail.com\", \"Harry@123\");\ncy.url().should(\"include\", \"/dashboard\");\ncy.get('div > .dropdown-custom > .dropdown-toggle > .user-profile-box > .d-flex').click();\ncy.get('div > .dropdown-custom > .dropdown-custom-menu > .dropdown-custom-item:nth-child(5) > .dropdown-item').click();\ncy.url().should(\"include\", \"/login\");",
              "err": {},
              "uuid": "0158c854-2853-422b-83de-3229fba31aa2",
              "parentUUID": "ca8ffab9-465d-4d97-93e9-704489c6e734",
              "isHook": false,
              "skipped": false
            }
          ],
          "suites": [],
          "passes": [
            "0158c854-2853-422b-83de-3229fba31aa2"
          ],
          "failures": [],
          "pending": [],
          "skipped": [],
          "duration": 22040,
          "root": false,
          "rootEmpty": false,
          "_timeout": 2000
        }
      ],
      "passes": [],
      "failures": [],
      "pending": [],
      "skipped": [],
      "duration": 0,
      "root": true,
      "rootEmpty": true,
      "_timeout": 2000
    },
    {
      "uuid": "8ae66b72-7fec-47b4-9fd3-ce30a88ab08d",
      "title": "",
      "fullFile": "e2e\\tests\\resetPassword.cy.js",
      "file": "e2e\\tests\\resetPassword.cy.js",
      "beforeHooks": [],
      "afterHooks": [],
      "tests": [],
      "suites": [
        {
          "uuid": "8280c776-c048-4783-bf2d-4d7a49dac09a",
          "title": "Reset password",
          "fullFile": "",
          "file": "",
          "beforeHooks": [],
          "afterHooks": [],
          "tests": [
            {
              "title": "Reset password",
              "fullTitle": "Reset password Reset password",
              "timedOut": null,
              "duration": 18482,
              "state": "passed",
              "speed": "slow",
              "pass": true,
              "fail": false,
              "pending": false,
              "context": null,
              "code": "cy.login(\"himanshupant.qa@gmail.com\", \"Harry@123\");\ncy.url().should(\"include\", \"/dashboard\");\ncy.get('.page-loader > .dashboard-processor__right > .verticle-middle > .form-row > .col-md-5').click();\ncy.get('div > .dropdown-custom > .dropdown-toggle > .user-profile-box > .d-flex').click();\ncy.get('div > .dropdown-custom > .dropdown-custom-menu > .dropdown-custom-item:nth-child(1) > .dropdown-item').click();\ncy.get('.mileStone > .d-flex > .mileStone-tab > .nav-item:nth-child(3) > .nav-link').click();\ncy.get('.w-100 > .form-row > .col-lg-4:nth-child(1) > .input-group > .champ-form__cm-input').type('Harry@1234');\ncy.get('.w-100 > .form-row > .col-lg-4:nth-child(2) > .input-group > .champ-form__cm-input').type('Harry@123');\ncy.get('.w-100 > .form-row > .col-lg-4:nth-child(3) > .input-group > .champ-form__cm-input').type('Harry@123');\ncy.get('.form-row > .form-row > .position-relative > .button > .text__size12').click();\n// cy.get('.Snackbar_snackbar__text__1Hx2a').should('contain', 'Password reset successfully')",
              "err": {},
              "uuid": "da99f2cf-7bf4-47b1-9dbb-c96055462161",
              "parentUUID": "8280c776-c048-4783-bf2d-4d7a49dac09a",
              "isHook": false,
              "skipped": false
            }
          ],
          "suites": [],
          "passes": [
            "da99f2cf-7bf4-47b1-9dbb-c96055462161"
          ],
          "failures": [],
          "pending": [],
          "skipped": [],
          "duration": 18482,
          "root": false,
          "rootEmpty": false,
          "_timeout": 2000
        }
      ],
      "passes": [],
      "failures": [],
      "pending": [],
      "skipped": [],
      "duration": 0,
      "root": true,
      "rootEmpty": true,
      "_timeout": 2000
    },
    {
      "uuid": "1cc9cc2f-e050-4913-b1dd-41d8b2b3efd8",
      "title": "",
      "fullFile": "e2e\\tests\\addCustomLink.cy.js",
      "file": "e2e\\tests\\addCustomLink.cy.js",
      "beforeHooks": [],
      "afterHooks": [],
      "tests": [],
      "suites": [
        {
          "uuid": "bef4c042-de89-41c4-914e-df55e321bee4",
          "title": "Add custom link",
          "fullFile": "",
          "file": "",
          "beforeHooks": [],
          "afterHooks": [],
          "tests": [
            {
              "title": "Add custom link",
              "fullTitle": "Add custom link Add custom link",
              "timedOut": null,
              "duration": 28395,
              "state": "passed",
              "speed": "slow",
              "pass": true,
              "fail": false,
              "pending": false,
              "context": null,
              "code": "cy.login(\"himanshupant.qa@gmail.com\", \"Harry@123\");\ncy.url().should(\"include\", \"/dashboard\");\ncy.get('.user > div > .dropdown-custom > .dropdown-toggle > .user-profile-box').click();\ncy.get('div > .dropdown-custom > .dropdown-custom-menu > .dropdown-custom-item:nth-child(4) > .dropdown-item').click();\ncy.get('#content > .page-loader > .content-box > .d-flex > .button').click();\ncy.get('#modalBody > .page-loader > .form-row > .col-lg-6:nth-child(1) > .champ-form__cm-input').click();\ncy.get('#modalBody > .page-loader > .form-row > .col-lg-6:nth-child(1) > .champ-form__cm-input').type(faker.company.name());\ncy.get('#modalBody > .page-loader > .form-row > .col-lg-6:nth-child(2) > .champ-form__cm-input').type(faker.lorem.word());\ncy.get('#modalBody > .page-loader > .form-row > .col-lg-6:nth-child(1) > .champ-form__cm-input').click();\ncy.get('#modalBody > .page-loader > .form-row > .col-lg-6 > .d-flex').click();\ncy.visit('https://uat.mloflo.com/loan-officer/links');",
              "err": {},
              "uuid": "6466ae47-60f7-40a9-8a4a-03643b858c79",
              "parentUUID": "bef4c042-de89-41c4-914e-df55e321bee4",
              "isHook": false,
              "skipped": false
            }
          ],
          "suites": [],
          "passes": [
            "6466ae47-60f7-40a9-8a4a-03643b858c79"
          ],
          "failures": [],
          "pending": [],
          "skipped": [],
          "duration": 28395,
          "root": false,
          "rootEmpty": false,
          "_timeout": 2000
        }
      ],
      "passes": [],
      "failures": [],
      "pending": [],
      "skipped": [],
      "duration": 0,
      "root": true,
      "rootEmpty": true,
      "_timeout": 2000
    },
    {
      "uuid": "cb95c335-aaf7-47db-b74b-ffbe403726bf",
      "title": "",
      "fullFile": "e2e\\tests\\addPartner.cy.js",
      "file": "e2e\\tests\\addPartner.cy.js",
      "beforeHooks": [],
      "afterHooks": [],
      "tests": [],
      "suites": [
        {
          "uuid": "b0654ba5-6bd0-442e-8827-2f642de1187c",
          "title": "Add partner",
          "fullFile": "",
          "file": "",
          "beforeHooks": [],
          "afterHooks": [],
          "tests": [
            {
              "title": "Add Partner",
              "fullTitle": "Add partner Add Partner",
              "timedOut": null,
              "duration": 54184,
              "state": "passed",
              "speed": "slow",
              "pass": true,
              "fail": false,
              "pending": false,
              "context": null,
              "code": "cy.login(\"himanshupant.qa@gmail.com\", \"Harry@123\");\ncy.url().should(\"include\", \"/dashboard\");\nfor (let i = 0; i < 5; i++) {\n  // Change 5 to the desired number of iterations\n  cy.log(`Adding Partner #${i + 1}`);\n  cy.get('div > .dropdown-custom > .dropdown-toggle > .bg-transparent > .uil-plus').click();\n  cy.get('div > .dropdown-custom > .dropdown-custom-menu > .dropdown-custom-item:nth-child(1) > span').click();\n  cy.get('#modalBody > .form-row > .form-group:nth-child(1) > .selectDiv > .champ-form__cm-input').select('RT');\n  cy.get('#modalBody > .form-row > .form-group:nth-child(2) > .selectDiv > .champ-form__cm-input').select('PC');\n  cy.get('#modalBody > .form-row > .cstm-light-text:nth-child(3) > .selectDiv > .champ-form__cm-input').select('selfgen');\n  cy.get('form > #modalBody > .form-row > .cstm-light-text:nth-child(5) > .champ-form__cm-input').type(faker.person.firstName());\n  cy.get('form > #modalBody > .form-row > .form-group:nth-child(6) > .champ-form__cm-input').type(faker.person.lastName());\n  cy.get('form > #modalBody > .form-row > .form-group:nth-child(7) > .champ-form__cm-input').type(faker.internet.email());\n  cy.get('form > #modalBody > .form-row > .form-group:nth-child(8) > .champ-form__cm-input').type(faker.phone.number());\n  cy.get('form > #modalBody > .form-row > .form-group:nth-child(9) > .champ-form__cm-input').click();\n  cy.get('form > #modalBody > .form-row > .form-group:nth-child(12) > .champ-form__cm-input').type(faker.company.name());\n  // cy.get('form > #modalBody > .form-row > .form-group > #auto--select\\ undefined').type(faker.location.streetAddress())\n  cy.get('#modalBody > .form-row > .col-sm-6:nth-child(3) > .selectDiv > .champ-form__cm-input').select('NY');\n  cy.get('form > #modalBody > .form-row > .col-lg-6:nth-child(4) > .champ-form__cm-input').type(faker.location.zipCode());\n  cy.get('form > #modalBody > .form-row > .col-lg-6:nth-child(5) > .champ-form__cm-input').type(faker.location.city());\n  cy.get('.modal-box--dialog__container > .page-loader > form > #modalBody > .form-row:nth-child(2)').click();\n  cy.get('.modal-box--dialog__container-footer > .w-100 > .position-relative:nth-child(3) > .button > span').click();\n  // cy.get('.Snackbar_snackbar__text__1Hx2a').should('contain', 'Partner Added successfully')\n}",
              "err": {},
              "uuid": "7497a9f7-95e8-4562-b780-1b87606033f6",
              "parentUUID": "b0654ba5-6bd0-442e-8827-2f642de1187c",
              "isHook": false,
              "skipped": false
            }
          ],
          "suites": [],
          "passes": [
            "7497a9f7-95e8-4562-b780-1b87606033f6"
          ],
          "failures": [],
          "pending": [],
          "skipped": [],
          "duration": 54184,
          "root": false,
          "rootEmpty": false,
          "_timeout": 2000
        }
      ],
      "passes": [],
      "failures": [],
      "pending": [],
      "skipped": [],
      "duration": 0,
      "root": true,
      "rootEmpty": true,
      "_timeout": 2000
    },
    {
      "uuid": "f121edae-1ec8-407c-b3f2-3a6cec672024",
      "title": "",
      "fullFile": "e2e\\tests\\login.cy.js",
      "file": "e2e\\tests\\login.cy.js",
      "beforeHooks": [],
      "afterHooks": [],
      "tests": [],
      "suites": [
        {
          "uuid": "b437c554-a0b1-4d50-9647-2e2ae70a93be",
          "title": "Login and Navigation Scenarios",
          "fullFile": "",
          "file": "",
          "beforeHooks": [],
          "afterHooks": [],
          "tests": [
            {
              "title": "Login with valid credentials",
              "fullTitle": "Login and Navigation Scenarios Login with valid credentials",
              "timedOut": null,
              "duration": 22329,
              "state": "passed",
              "speed": "slow",
              "pass": true,
              "fail": false,
              "pending": false,
              "context": null,
              "code": "cy.login(\"himanshupant.qa@gmail.com\", \"Harry@123\");\ncy.url().should(\"include\", \"/dashboard\");",
              "err": {},
              "uuid": "cdedf5ca-ad81-4480-bc7c-1c7fd16e6a2c",
              "parentUUID": "b437c554-a0b1-4d50-9647-2e2ae70a93be",
              "isHook": false,
              "skipped": false
            }
          ],
          "suites": [],
          "passes": [
            "cdedf5ca-ad81-4480-bc7c-1c7fd16e6a2c"
          ],
          "failures": [],
          "pending": [],
          "skipped": [],
          "duration": 22329,
          "root": false,
          "rootEmpty": false,
          "_timeout": 2000
        }
      ],
      "passes": [],
      "failures": [],
      "pending": [],
      "skipped": [],
      "duration": 0,
      "root": true,
      "rootEmpty": true,
      "_timeout": 2000
    }
  ],
  "meta": {
    "mocha": {
      "version": "7.0.1"
    },
    "mochawesome": {
      "options": {
        "quiet": false,
        "reportFilename": "mochawesome",
        "saveHtml": true,
        "saveJson": true,
        "consoleReporter": "spec",
        "useInlineDiffs": false,
        "code": true
      },
      "version": "7.1.3"
    },
    "marge": {
      "options": {
        "reportDir": "cypress/reports/mochawesome",
        "overwrite": false,
        "html": true,
        "json": true
      },
      "version": "6.2.0"
    }
  }
}